05-May-2022 01:42:27.476 INFO [main] org.apache.catalina.startup.VersionLoggerListener.log Server version name:   Apache Tomcat/9.0.62
05-May-2022 01:42:27.478 INFO [main] org.apache.catalina.startup.VersionLoggerListener.log Server built:          Mar 31 2022 14:34:15 UTC
05-May-2022 01:42:27.478 INFO [main] org.apache.catalina.startup.VersionLoggerListener.log Server version number: 9.0.62.0
05-May-2022 01:42:27.478 INFO [main] org.apache.catalina.startup.VersionLoggerListener.log OS Name:               Windows 10
05-May-2022 01:42:27.478 INFO [main] org.apache.catalina.startup.VersionLoggerListener.log OS Version:            10.0
05-May-2022 01:42:27.478 INFO [main] org.apache.catalina.startup.VersionLoggerListener.log Architecture:          amd64
05-May-2022 01:42:27.478 INFO [main] org.apache.catalina.startup.VersionLoggerListener.log Java Home:             C:\Program Files\Java\jdk-16.0.2
05-May-2022 01:42:27.478 INFO [main] org.apache.catalina.startup.VersionLoggerListener.log JVM Version:           16.0.2+7-67
05-May-2022 01:42:27.479 INFO [main] org.apache.catalina.startup.VersionLoggerListener.log JVM Vendor:            Oracle Corporation
05-May-2022 01:42:27.479 INFO [main] org.apache.catalina.startup.VersionLoggerListener.log CATALINA_BASE:         C:\ApacheTomcat\apache-tomcat-9.0.62-windows-x64\apache-tomcat-9.0.62
05-May-2022 01:42:27.479 INFO [main] org.apache.catalina.startup.VersionLoggerListener.log CATALINA_HOME:         C:\ApacheTomcat\apache-tomcat-9.0.62-windows-x64\apache-tomcat-9.0.62
05-May-2022 01:42:27.491 INFO [main] org.apache.catalina.startup.VersionLoggerListener.log Command line argument: --add-opens=java.base/java.lang=ALL-UNNAMED
05-May-2022 01:42:27.491 INFO [main] org.apache.catalina.startup.VersionLoggerListener.log Command line argument: --add-opens=java.base/java.io=ALL-UNNAMED
05-May-2022 01:42:27.491 INFO [main] org.apache.catalina.startup.VersionLoggerListener.log Command line argument: --add-opens=java.base/java.util=ALL-UNNAMED
05-May-2022 01:42:27.491 INFO [main] org.apache.catalina.startup.VersionLoggerListener.log Command line argument: --add-opens=java.base/java.util.concurrent=ALL-UNNAMED
05-May-2022 01:42:27.491 INFO [main] org.apache.catalina.startup.VersionLoggerListener.log Command line argument: --add-opens=java.rmi/sun.rmi.transport=ALL-UNNAMED
05-May-2022 01:42:27.491 INFO [main] org.apache.catalina.startup.VersionLoggerListener.log Command line argument: -Djava.util.logging.config.file=C:\ApacheTomcat\apache-tomcat-9.0.62-windows-x64\apache-tomcat-9.0.62\conf\logging.properties
05-May-2022 01:42:27.491 INFO [main] org.apache.catalina.startup.VersionLoggerListener.log Command line argument: -Djava.util.logging.manager=org.apache.juli.ClassLoaderLogManager
05-May-2022 01:42:27.491 INFO [main] org.apache.catalina.startup.VersionLoggerListener.log Command line argument: -Dhttp.nonProxyHosts=localhost|127.0.0.1|Zeus-PC
05-May-2022 01:42:27.492 INFO [main] org.apache.catalina.startup.VersionLoggerListener.log Command line argument: -Djdk.tls.ephemeralDHKeySize=2048
05-May-2022 01:42:27.492 INFO [main] org.apache.catalina.startup.VersionLoggerListener.log Command line argument: -Djava.protocol.handler.pkgs=org.apache.catalina.webresources
05-May-2022 01:42:27.492 INFO [main] org.apache.catalina.startup.VersionLoggerListener.log Command line argument: -Dignore.endorsed.dirs=
05-May-2022 01:42:27.492 INFO [main] org.apache.catalina.startup.VersionLoggerListener.log Command line argument: -Dcatalina.base=C:\ApacheTomcat\apache-tomcat-9.0.62-windows-x64\apache-tomcat-9.0.62
05-May-2022 01:42:27.492 INFO [main] org.apache.catalina.startup.VersionLoggerListener.log Command line argument: -Dcatalina.home=C:\ApacheTomcat\apache-tomcat-9.0.62-windows-x64\apache-tomcat-9.0.62
05-May-2022 01:42:27.492 INFO [main] org.apache.catalina.startup.VersionLoggerListener.log Command line argument: -Djava.io.tmpdir=C:\ApacheTomcat\apache-tomcat-9.0.62-windows-x64\apache-tomcat-9.0.62\temp
05-May-2022 01:42:27.494 INFO [main] org.apache.catalina.core.AprLifecycleListener.lifecycleEvent Loaded Apache Tomcat Native library [1.2.32] using APR version [1.7.0].
05-May-2022 01:42:27.497 INFO [main] org.apache.catalina.core.AprLifecycleListener.lifecycleEvent APR capabilities: IPv6 [true], sendfile [true], accept filters [false], random [true], UDS [true].
05-May-2022 01:42:27.497 INFO [main] org.apache.catalina.core.AprLifecycleListener.lifecycleEvent APR/OpenSSL configuration: useAprConnector [false], useOpenSSL [true]
05-May-2022 01:42:27.499 INFO [main] org.apache.catalina.core.AprLifecycleListener.initializeSSL OpenSSL successfully initialized [OpenSSL 1.1.1n  15 Mar 2022]
05-May-2022 01:42:27.654 INFO [main] org.apache.coyote.AbstractProtocol.init Initializing ProtocolHandler ["http-nio-8080"]
05-May-2022 01:42:27.671 INFO [main] org.apache.catalina.startup.Catalina.load Server initialization in [312] milliseconds
05-May-2022 01:42:27.706 INFO [main] org.apache.catalina.core.StandardService.startInternal Starting service [Catalina]
05-May-2022 01:42:27.706 INFO [main] org.apache.catalina.core.StandardEngine.startInternal Starting Servlet engine: [Apache Tomcat/9.0.62]
05-May-2022 01:42:27.711 INFO [main] org.apache.catalina.startup.HostConfig.deployDirectory Deploying web application directory [C:\ApacheTomcat\apache-tomcat-9.0.62-windows-x64\apache-tomcat-9.0.62\webapps\docs]
05-May-2022 01:42:27.917 INFO [main] org.apache.catalina.startup.HostConfig.deployDirectory Deployment of web application directory [C:\ApacheTomcat\apache-tomcat-9.0.62-windows-x64\apache-tomcat-9.0.62\webapps\docs] has finished in [206] ms
05-May-2022 01:42:27.917 INFO [main] org.apache.catalina.startup.HostConfig.deployDirectory Deploying web application directory [C:\ApacheTomcat\apache-tomcat-9.0.62-windows-x64\apache-tomcat-9.0.62\webapps\examples]
05-May-2022 01:42:28.174 INFO [main] org.apache.catalina.startup.HostConfig.deployDirectory Deployment of web application directory [C:\ApacheTomcat\apache-tomcat-9.0.62-windows-x64\apache-tomcat-9.0.62\webapps\examples] has finished in [257] ms
05-May-2022 01:42:28.174 INFO [main] org.apache.catalina.startup.HostConfig.deployDirectory Deploying web application directory [C:\ApacheTomcat\apache-tomcat-9.0.62-windows-x64\apache-tomcat-9.0.62\webapps\host-manager]
05-May-2022 01:42:28.200 INFO [main] org.apache.catalina.startup.HostConfig.deployDirectory Deployment of web application directory [C:\ApacheTomcat\apache-tomcat-9.0.62-windows-x64\apache-tomcat-9.0.62\webapps\host-manager] has finished in [26] ms
05-May-2022 01:42:28.200 INFO [main] org.apache.catalina.startup.HostConfig.deployDirectory Deploying web application directory [C:\ApacheTomcat\apache-tomcat-9.0.62-windows-x64\apache-tomcat-9.0.62\webapps\manager]
05-May-2022 01:42:28.224 INFO [main] org.apache.catalina.startup.HostConfig.deployDirectory Deployment of web application directory [C:\ApacheTomcat\apache-tomcat-9.0.62-windows-x64\apache-tomcat-9.0.62\webapps\manager] has finished in [24] ms
05-May-2022 01:42:28.224 INFO [main] org.apache.catalina.startup.HostConfig.deployDirectory Deploying web application directory [C:\ApacheTomcat\apache-tomcat-9.0.62-windows-x64\apache-tomcat-9.0.62\webapps\ROOT]
05-May-2022 01:42:28.240 INFO [main] org.apache.catalina.startup.HostConfig.deployDirectory Deployment of web application directory [C:\ApacheTomcat\apache-tomcat-9.0.62-windows-x64\apache-tomcat-9.0.62\webapps\ROOT] has finished in [16] ms
05-May-2022 01:42:28.242 INFO [main] org.apache.coyote.AbstractProtocol.start Starting ProtocolHandler ["http-nio-8080"]
05-May-2022 01:42:28.268 INFO [main] org.apache.catalina.startup.Catalina.start Server startup in [597] milliseconds
05-May-2022 02:11:52.611 INFO [http-nio-8080-exec-9] org.apache.catalina.startup.HostConfig.deployDescriptor Deploying deployment descriptor [C:\ApacheTomcat\apache-tomcat-9.0.62-windows-x64\apache-tomcat-9.0.62\conf\Catalina\localhost\simple-web-app.xml]
05-May-2022 02:11:52.611 WARNING [http-nio-8080-exec-9] org.apache.catalina.startup.HostConfig.deployDescriptor The path attribute with value [/simple-web-app] in deployment descriptor [C:\ApacheTomcat\apache-tomcat-9.0.62-windows-x64\apache-tomcat-9.0.62\conf\Catalina\localhost\simple-web-app.xml] has been ignored
05-May-2022 02:11:52.642 INFO [http-nio-8080-exec-9] org.apache.catalina.startup.HostConfig.deployDescriptor Deployment of deployment descriptor [C:\ApacheTomcat\apache-tomcat-9.0.62-windows-x64\apache-tomcat-9.0.62\conf\Catalina\localhost\simple-web-app.xml] has finished in [31] ms
05-May-2022 02:11:52.644 INFO [http-nio-8080-exec-2] org.apache.catalina.util.LifecycleBase.start The start() method was called on component [StandardEngine[Catalina].StandardHost[localhost].StandardContext[/simple-web-app]] after start() had already been called. The second call will be ignored.
05-May-2022 02:11:53.215 INFO [http-nio-8080-exec-9] org.apache.catalina.startup.HostConfig.undeploy Undeploying context [/simple-web-app]
05-May-2022 02:11:53.227 INFO [http-nio-8080-exec-3] org.apache.catalina.startup.HostConfig.deployDescriptor Deploying deployment descriptor [C:\ApacheTomcat\apache-tomcat-9.0.62-windows-x64\apache-tomcat-9.0.62\conf\Catalina\localhost\simple-web-app.xml]
05-May-2022 02:11:53.228 WARNING [http-nio-8080-exec-3] org.apache.catalina.startup.HostConfig.deployDescriptor The path attribute with value [/simple-web-app] in deployment descriptor [C:\ApacheTomcat\apache-tomcat-9.0.62-windows-x64\apache-tomcat-9.0.62\conf\Catalina\localhost\simple-web-app.xml] has been ignored
05-May-2022 02:11:53.264 INFO [http-nio-8080-exec-3] org.apache.catalina.startup.HostConfig.deployDescriptor Deployment of deployment descriptor [C:\ApacheTomcat\apache-tomcat-9.0.62-windows-x64\apache-tomcat-9.0.62\conf\Catalina\localhost\simple-web-app.xml] has finished in [37] ms
05-May-2022 02:11:53.266 INFO [http-nio-8080-exec-4] org.apache.catalina.util.LifecycleBase.start The start() method was called on component [StandardEngine[Catalina].StandardHost[localhost].StandardContext[/simple-web-app]] after start() had already been called. The second call will be ignored.
05-May-2022 02:16:33.596 INFO [http-nio-8080-exec-15] org.apache.catalina.startup.HostConfig.deployDescriptor Deploying deployment descriptor [C:\ApacheTomcat\apache-tomcat-9.0.62-windows-x64\apache-tomcat-9.0.62\conf\Catalina\localhost\MyWebApp_May5th.xml]
05-May-2022 02:16:33.597 WARNING [http-nio-8080-exec-15] org.apache.catalina.startup.HostConfig.deployDescriptor The path attribute with value [/MyWebApp_May5th] in deployment descriptor [C:\ApacheTomcat\apache-tomcat-9.0.62-windows-x64\apache-tomcat-9.0.62\conf\Catalina\localhost\MyWebApp_May5th.xml] has been ignored
05-May-2022 02:16:33.613 INFO [http-nio-8080-exec-15] org.apache.catalina.startup.HostConfig.deployDescriptor Deployment of deployment descriptor [C:\ApacheTomcat\apache-tomcat-9.0.62-windows-x64\apache-tomcat-9.0.62\conf\Catalina\localhost\MyWebApp_May5th.xml] has finished in [16] ms
05-May-2022 02:16:33.614 INFO [http-nio-8080-exec-16] org.apache.catalina.util.LifecycleBase.start The start() method was called on component [StandardEngine[Catalina].StandardHost[localhost].StandardContext[/MyWebApp_May5th]] after start() had already been called. The second call will be ignored.
05-May-2022 02:16:34.145 INFO [http-nio-8080-exec-15] org.apache.catalina.startup.HostConfig.undeploy Undeploying context [/MyWebApp_May5th]
05-May-2022 02:16:34.155 INFO [http-nio-8080-exec-12] org.apache.catalina.startup.HostConfig.deployDescriptor Deploying deployment descriptor [C:\ApacheTomcat\apache-tomcat-9.0.62-windows-x64\apache-tomcat-9.0.62\conf\Catalina\localhost\MyWebApp_May5th.xml]
05-May-2022 02:16:34.156 WARNING [http-nio-8080-exec-12] org.apache.catalina.startup.HostConfig.deployDescriptor The path attribute with value [/MyWebApp_May5th] in deployment descriptor [C:\ApacheTomcat\apache-tomcat-9.0.62-windows-x64\apache-tomcat-9.0.62\conf\Catalina\localhost\MyWebApp_May5th.xml] has been ignored
05-May-2022 02:16:34.178 INFO [http-nio-8080-exec-12] org.apache.catalina.startup.HostConfig.deployDescriptor Deployment of deployment descriptor [C:\ApacheTomcat\apache-tomcat-9.0.62-windows-x64\apache-tomcat-9.0.62\conf\Catalina\localhost\MyWebApp_May5th.xml] has finished in [23] ms
05-May-2022 02:16:34.180 INFO [http-nio-8080-exec-17] org.apache.catalina.util.LifecycleBase.start The start() method was called on component [StandardEngine[Catalina].StandardHost[localhost].StandardContext[/MyWebApp_May5th]] after start() had already been called. The second call will be ignored.
05-May-2022 02:21:50.601 INFO [http-nio-8080-exec-29] org.apache.catalina.startup.HostConfig.undeploy Undeploying context [/MyWebApp_May5th]
05-May-2022 02:21:51.115 INFO [Catalina-utility-1] org.apache.catalina.startup.HostConfig.undeploy Undeploying context [/MyWebApp_May5th]
05-May-2022 02:21:51.125 INFO [http-nio-8080-exec-24] org.apache.catalina.startup.HostConfig.deployDescriptor Deploying deployment descriptor [C:\ApacheTomcat\apache-tomcat-9.0.62-windows-x64\apache-tomcat-9.0.62\conf\Catalina\localhost\MyWebApp_May5th.xml]
05-May-2022 02:21:51.126 WARNING [http-nio-8080-exec-24] org.apache.catalina.startup.HostConfig.deployDescriptor The path attribute with value [/MyWebApp_May5th] in deployment descriptor [C:\ApacheTomcat\apache-tomcat-9.0.62-windows-x64\apache-tomcat-9.0.62\conf\Catalina\localhost\MyWebApp_May5th.xml] has been ignored
05-May-2022 02:21:51.143 INFO [http-nio-8080-exec-24] org.apache.catalina.startup.HostConfig.deployDescriptor Deployment of deployment descriptor [C:\ApacheTomcat\apache-tomcat-9.0.62-windows-x64\apache-tomcat-9.0.62\conf\Catalina\localhost\MyWebApp_May5th.xml] has finished in [18] ms
05-May-2022 02:21:51.144 INFO [http-nio-8080-exec-27] org.apache.catalina.util.LifecycleBase.start The start() method was called on component [StandardEngine[Catalina].StandardHost[localhost].StandardContext[/MyWebApp_May5th]] after start() had already been called. The second call will be ignored.
05-May-2022 02:23:54.246 INFO [http-nio-8080-exec-32] org.apache.catalina.startup.HostConfig.undeploy Undeploying context [/MyWebApp_May5th]
05-May-2022 02:23:54.259 INFO [http-nio-8080-exec-38] org.apache.catalina.startup.HostConfig.deployDescriptor Deploying deployment descriptor [C:\ApacheTomcat\apache-tomcat-9.0.62-windows-x64\apache-tomcat-9.0.62\conf\Catalina\localhost\MyWebApp_May5th.xml]
05-May-2022 02:23:54.259 WARNING [http-nio-8080-exec-38] org.apache.catalina.startup.HostConfig.deployDescriptor The path attribute with value [/MyWebApp_May5th] in deployment descriptor [C:\ApacheTomcat\apache-tomcat-9.0.62-windows-x64\apache-tomcat-9.0.62\conf\Catalina\localhost\MyWebApp_May5th.xml] has been ignored
05-May-2022 02:23:54.274 INFO [http-nio-8080-exec-38] org.apache.catalina.startup.HostConfig.deployDescriptor Deployment of deployment descriptor [C:\ApacheTomcat\apache-tomcat-9.0.62-windows-x64\apache-tomcat-9.0.62\conf\Catalina\localhost\MyWebApp_May5th.xml] has finished in [15] ms
05-May-2022 02:23:54.275 INFO [http-nio-8080-exec-31] org.apache.catalina.util.LifecycleBase.start The start() method was called on component [StandardEngine[Catalina].StandardHost[localhost].StandardContext[/MyWebApp_May5th]] after start() had already been called. The second call will be ignored.
05-May-2022 02:56:15.539 INFO [http-nio-8080-exec-49] org.apache.catalina.startup.HostConfig.undeploy Undeploying context [/simple-web-app]
05-May-2022 02:56:15.548 INFO [http-nio-8080-exec-43] org.apache.catalina.startup.HostConfig.deployDescriptor Deploying deployment descriptor [C:\ApacheTomcat\apache-tomcat-9.0.62-windows-x64\apache-tomcat-9.0.62\conf\Catalina\localhost\simple-web-app.xml]
05-May-2022 02:56:15.549 WARNING [http-nio-8080-exec-43] org.apache.catalina.startup.HostConfig.deployDescriptor The path attribute with value [/simple-web-app] in deployment descriptor [C:\ApacheTomcat\apache-tomcat-9.0.62-windows-x64\apache-tomcat-9.0.62\conf\Catalina\localhost\simple-web-app.xml] has been ignored
05-May-2022 02:56:15.575 INFO [http-nio-8080-exec-43] org.apache.catalina.startup.HostConfig.deployDescriptor Deployment of deployment descriptor [C:\ApacheTomcat\apache-tomcat-9.0.62-windows-x64\apache-tomcat-9.0.62\conf\Catalina\localhost\simple-web-app.xml] has finished in [27] ms
05-May-2022 02:56:15.576 INFO [http-nio-8080-exec-48] org.apache.catalina.util.LifecycleBase.start The start() method was called on component [StandardEngine[Catalina].StandardHost[localhost].StandardContext[/simple-web-app]] after start() had already been called. The second call will be ignored.
05-May-2022 02:57:34.678 INFO [http-nio-8080-exec-44] org.apache.catalina.startup.HostConfig.undeploy Undeploying context [/simple-web-app]
05-May-2022 02:57:34.686 INFO [http-nio-8080-exec-52] org.apache.catalina.startup.HostConfig.deployDescriptor Deploying deployment descriptor [C:\ApacheTomcat\apache-tomcat-9.0.62-windows-x64\apache-tomcat-9.0.62\conf\Catalina\localhost\simple-web-app.xml]
05-May-2022 02:57:34.687 WARNING [http-nio-8080-exec-52] org.apache.catalina.startup.HostConfig.deployDescriptor The path attribute with value [/simple-web-app] in deployment descriptor [C:\ApacheTomcat\apache-tomcat-9.0.62-windows-x64\apache-tomcat-9.0.62\conf\Catalina\localhost\simple-web-app.xml] has been ignored
05-May-2022 02:57:34.711 INFO [http-nio-8080-exec-52] org.apache.catalina.startup.HostConfig.deployDescriptor Deployment of deployment descriptor [C:\ApacheTomcat\apache-tomcat-9.0.62-windows-x64\apache-tomcat-9.0.62\conf\Catalina\localhost\simple-web-app.xml] has finished in [25] ms
05-May-2022 02:57:34.713 INFO [http-nio-8080-exec-53] org.apache.catalina.util.LifecycleBase.start The start() method was called on component [StandardEngine[Catalina].StandardHost[localhost].StandardContext[/simple-web-app]] after start() had already been called. The second call will be ignored.
05-May-2022 02:57:35.263 INFO [http-nio-8080-exec-52] org.apache.catalina.startup.HostConfig.undeploy Undeploying context [/simple-web-app]
05-May-2022 02:57:35.275 INFO [http-nio-8080-exec-43] org.apache.catalina.startup.HostConfig.deployDescriptor Deploying deployment descriptor [C:\ApacheTomcat\apache-tomcat-9.0.62-windows-x64\apache-tomcat-9.0.62\conf\Catalina\localhost\simple-web-app.xml]
05-May-2022 02:57:35.276 WARNING [http-nio-8080-exec-43] org.apache.catalina.startup.HostConfig.deployDescriptor The path attribute with value [/simple-web-app] in deployment descriptor [C:\ApacheTomcat\apache-tomcat-9.0.62-windows-x64\apache-tomcat-9.0.62\conf\Catalina\localhost\simple-web-app.xml] has been ignored
05-May-2022 02:57:35.307 INFO [http-nio-8080-exec-43] org.apache.catalina.startup.HostConfig.deployDescriptor Deployment of deployment descriptor [C:\ApacheTomcat\apache-tomcat-9.0.62-windows-x64\apache-tomcat-9.0.62\conf\Catalina\localhost\simple-web-app.xml] has finished in [32] ms
05-May-2022 02:57:35.309 INFO [http-nio-8080-exec-50] org.apache.catalina.util.LifecycleBase.start The start() method was called on component [StandardEngine[Catalina].StandardHost[localhost].StandardContext[/simple-web-app]] after start() had already been called. The second call will be ignored.
05-May-2022 02:59:43.406 INFO [http-nio-8080-exec-43] org.apache.catalina.startup.HostConfig.undeploy Undeploying context [/simple-web-app]
05-May-2022 02:59:43.921 INFO [Catalina-utility-2] org.apache.catalina.startup.HostConfig.undeploy Undeploying context [/simple-web-app]
05-May-2022 02:59:43.964 INFO [http-nio-8080-exec-56] org.apache.catalina.startup.HostConfig.deployDescriptor Deploying deployment descriptor [C:\ApacheTomcat\apache-tomcat-9.0.62-windows-x64\apache-tomcat-9.0.62\conf\Catalina\localhost\simple-web-app.xml]
05-May-2022 02:59:43.964 WARNING [http-nio-8080-exec-56] org.apache.catalina.startup.HostConfig.deployDescriptor The path attribute with value [/simple-web-app] in deployment descriptor [C:\ApacheTomcat\apache-tomcat-9.0.62-windows-x64\apache-tomcat-9.0.62\conf\Catalina\localhost\simple-web-app.xml] has been ignored
05-May-2022 02:59:43.987 INFO [http-nio-8080-exec-56] org.apache.catalina.startup.HostConfig.deployDescriptor Deployment of deployment descriptor [C:\ApacheTomcat\apache-tomcat-9.0.62-windows-x64\apache-tomcat-9.0.62\conf\Catalina\localhost\simple-web-app.xml] has finished in [24] ms
05-May-2022 02:59:43.988 INFO [http-nio-8080-exec-60] org.apache.catalina.util.LifecycleBase.start The start() method was called on component [StandardEngine[Catalina].StandardHost[localhost].StandardContext[/simple-web-app]] after start() had already been called. The second call will be ignored.
05-May-2022 03:00:56.614 INFO [http-nio-8080-exec-61] org.apache.catalina.startup.HostConfig.deployDescriptor Deploying deployment descriptor [C:\ApacheTomcat\apache-tomcat-9.0.62-windows-x64\apache-tomcat-9.0.62\conf\Catalina\localhost\UnitConverter.xml]
05-May-2022 03:00:56.615 WARNING [http-nio-8080-exec-61] org.apache.catalina.startup.HostConfig.deployDescriptor The path attribute with value [/UnitConverter] in deployment descriptor [C:\ApacheTomcat\apache-tomcat-9.0.62-windows-x64\apache-tomcat-9.0.62\conf\Catalina\localhost\UnitConverter.xml] has been ignored
05-May-2022 03:00:56.631 INFO [http-nio-8080-exec-61] org.apache.catalina.startup.HostConfig.deployDescriptor Deployment of deployment descriptor [C:\ApacheTomcat\apache-tomcat-9.0.62-windows-x64\apache-tomcat-9.0.62\conf\Catalina\localhost\UnitConverter.xml] has finished in [17] ms
05-May-2022 03:00:56.633 INFO [http-nio-8080-exec-57] org.apache.catalina.util.LifecycleBase.start The start() method was called on component [StandardEngine[Catalina].StandardHost[localhost].StandardContext[/UnitConverter]] after start() had already been called. The second call will be ignored.
05-May-2022 03:00:57.236 INFO [http-nio-8080-exec-61] org.apache.catalina.startup.HostConfig.undeploy Undeploying context [/UnitConverter]
05-May-2022 03:00:57.244 INFO [http-nio-8080-exec-65] org.apache.catalina.startup.HostConfig.deployDescriptor Deploying deployment descriptor [C:\ApacheTomcat\apache-tomcat-9.0.62-windows-x64\apache-tomcat-9.0.62\conf\Catalina\localhost\UnitConverter.xml]
05-May-2022 03:00:57.244 WARNING [http-nio-8080-exec-65] org.apache.catalina.startup.HostConfig.deployDescriptor The path attribute with value [/UnitConverter] in deployment descriptor [C:\ApacheTomcat\apache-tomcat-9.0.62-windows-x64\apache-tomcat-9.0.62\conf\Catalina\localhost\UnitConverter.xml] has been ignored
05-May-2022 03:00:57.258 INFO [http-nio-8080-exec-65] org.apache.catalina.startup.HostConfig.deployDescriptor Deployment of deployment descriptor [C:\ApacheTomcat\apache-tomcat-9.0.62-windows-x64\apache-tomcat-9.0.62\conf\Catalina\localhost\UnitConverter.xml] has finished in [14] ms
05-May-2022 03:00:57.259 INFO [http-nio-8080-exec-62] org.apache.catalina.util.LifecycleBase.start The start() method was called on component [StandardEngine[Catalina].StandardHost[localhost].StandardContext[/UnitConverter]] after start() had already been called. The second call will be ignored.
05-May-2022 03:01:35.651 INFO [http-nio-8080-exec-68] org.apache.catalina.startup.HostConfig.undeploy Undeploying context [/UnitConverter]
05-May-2022 03:01:42.384 INFO [http-nio-8080-exec-69] org.apache.catalina.startup.HostConfig.deployDescriptor Deploying deployment descriptor [C:\ApacheTomcat\apache-tomcat-9.0.62-windows-x64\apache-tomcat-9.0.62\conf\Catalina\localhost\UnitConverter.xml]
05-May-2022 03:01:42.384 WARNING [http-nio-8080-exec-69] org.apache.catalina.startup.HostConfig.deployDescriptor The path attribute with value [/UnitConverter] in deployment descriptor [C:\ApacheTomcat\apache-tomcat-9.0.62-windows-x64\apache-tomcat-9.0.62\conf\Catalina\localhost\UnitConverter.xml] has been ignored
05-May-2022 03:01:42.399 INFO [http-nio-8080-exec-69] org.apache.catalina.startup.HostConfig.deployDescriptor Deployment of deployment descriptor [C:\ApacheTomcat\apache-tomcat-9.0.62-windows-x64\apache-tomcat-9.0.62\conf\Catalina\localhost\UnitConverter.xml] has finished in [15] ms
05-May-2022 03:01:42.401 INFO [http-nio-8080-exec-68] org.apache.catalina.util.LifecycleBase.start The start() method was called on component [StandardEngine[Catalina].StandardHost[localhost].StandardContext[/UnitConverter]] after start() had already been called. The second call will be ignored.
05-May-2022 03:06:45.730 INFO [http-nio-8080-exec-72] org.apache.catalina.core.StandardContext.reload Reloading Context with name [/UnitConverter] has started
05-May-2022 03:06:45.752 INFO [http-nio-8080-exec-72] org.apache.catalina.core.StandardContext.reload Reloading Context with name [/UnitConverter] is completed
05-May-2022 03:06:46.075 INFO [http-nio-8080-exec-76] org.apache.catalina.core.StandardContext.reload Reloading Context with name [/UnitConverter] has started
05-May-2022 03:06:46.094 INFO [http-nio-8080-exec-76] org.apache.catalina.core.StandardContext.reload Reloading Context with name [/UnitConverter] is completed
05-May-2022 03:06:54.271 INFO [http-nio-8080-exec-76] org.apache.catalina.startup.HostConfig.undeploy Undeploying context [/UnitConverter]
05-May-2022 03:06:54.280 INFO [http-nio-8080-exec-69] org.apache.catalina.startup.HostConfig.deployDescriptor Deploying deployment descriptor [C:\ApacheTomcat\apache-tomcat-9.0.62-windows-x64\apache-tomcat-9.0.62\conf\Catalina\localhost\UnitConverter.xml]
05-May-2022 03:06:54.280 WARNING [http-nio-8080-exec-69] org.apache.catalina.startup.HostConfig.deployDescriptor The path attribute with value [/UnitConverter] in deployment descriptor [C:\ApacheTomcat\apache-tomcat-9.0.62-windows-x64\apache-tomcat-9.0.62\conf\Catalina\localhost\UnitConverter.xml] has been ignored
05-May-2022 03:06:54.301 INFO [http-nio-8080-exec-69] org.apache.catalina.startup.HostConfig.deployDescriptor Deployment of deployment descriptor [C:\ApacheTomcat\apache-tomcat-9.0.62-windows-x64\apache-tomcat-9.0.62\conf\Catalina\localhost\UnitConverter.xml] has finished in [21] ms
05-May-2022 03:06:54.303 INFO [http-nio-8080-exec-68] org.apache.catalina.util.LifecycleBase.start The start() method was called on component [StandardEngine[Catalina].StandardHost[localhost].StandardContext[/UnitConverter]] after start() had already been called. The second call will be ignored.
05-May-2022 03:06:54.846 INFO [http-nio-8080-exec-69] org.apache.catalina.startup.HostConfig.undeploy Undeploying context [/UnitConverter]
05-May-2022 03:06:55.349 INFO [Catalina-utility-2] org.apache.catalina.startup.HostConfig.undeploy Undeploying context [/UnitConverter]
05-May-2022 03:06:55.357 INFO [http-nio-8080-exec-79] org.apache.catalina.startup.HostConfig.deployDescriptor Deploying deployment descriptor [C:\ApacheTomcat\apache-tomcat-9.0.62-windows-x64\apache-tomcat-9.0.62\conf\Catalina\localhost\UnitConverter.xml]
05-May-2022 03:06:55.358 WARNING [http-nio-8080-exec-79] org.apache.catalina.startup.HostConfig.deployDescriptor The path attribute with value [/UnitConverter] in deployment descriptor [C:\ApacheTomcat\apache-tomcat-9.0.62-windows-x64\apache-tomcat-9.0.62\conf\Catalina\localhost\UnitConverter.xml] has been ignored
05-May-2022 03:06:55.377 INFO [http-nio-8080-exec-79] org.apache.catalina.startup.HostConfig.deployDescriptor Deployment of deployment descriptor [C:\ApacheTomcat\apache-tomcat-9.0.62-windows-x64\apache-tomcat-9.0.62\conf\Catalina\localhost\UnitConverter.xml] has finished in [20] ms
05-May-2022 03:06:55.378 INFO [http-nio-8080-exec-76] org.apache.catalina.util.LifecycleBase.start The start() method was called on component [StandardEngine[Catalina].StandardHost[localhost].StandardContext[/UnitConverter]] after start() had already been called. The second call will be ignored.
05-May-2022 03:10:36.813 INFO [http-nio-8080-exec-77] org.apache.catalina.startup.HostConfig.deployDescriptor Deploying deployment descriptor [C:\ApacheTomcat\apache-tomcat-9.0.62-windows-x64\apache-tomcat-9.0.62\conf\Catalina\localhost\MyWebDemo.xml]
05-May-2022 03:10:36.814 WARNING [http-nio-8080-exec-77] org.apache.catalina.startup.HostConfig.deployDescriptor The path attribute with value [/MyWebDemo] in deployment descriptor [C:\ApacheTomcat\apache-tomcat-9.0.62-windows-x64\apache-tomcat-9.0.62\conf\Catalina\localhost\MyWebDemo.xml] has been ignored
05-May-2022 03:10:36.829 INFO [http-nio-8080-exec-77] org.apache.catalina.startup.HostConfig.deployDescriptor Deployment of deployment descriptor [C:\ApacheTomcat\apache-tomcat-9.0.62-windows-x64\apache-tomcat-9.0.62\conf\Catalina\localhost\MyWebDemo.xml] has finished in [15] ms
05-May-2022 03:10:36.830 INFO [http-nio-8080-exec-86] org.apache.catalina.util.LifecycleBase.start The start() method was called on component [StandardEngine[Catalina].StandardHost[localhost].StandardContext[/MyWebDemo]] after start() had already been called. The second call will be ignored.
05-May-2022 03:10:37.377 INFO [http-nio-8080-exec-77] org.apache.catalina.startup.HostConfig.undeploy Undeploying context [/MyWebDemo]
05-May-2022 03:10:37.385 INFO [http-nio-8080-exec-80] org.apache.catalina.startup.HostConfig.deployDescriptor Deploying deployment descriptor [C:\ApacheTomcat\apache-tomcat-9.0.62-windows-x64\apache-tomcat-9.0.62\conf\Catalina\localhost\MyWebDemo.xml]
05-May-2022 03:10:37.385 WARNING [http-nio-8080-exec-80] org.apache.catalina.startup.HostConfig.deployDescriptor The path attribute with value [/MyWebDemo] in deployment descriptor [C:\ApacheTomcat\apache-tomcat-9.0.62-windows-x64\apache-tomcat-9.0.62\conf\Catalina\localhost\MyWebDemo.xml] has been ignored
05-May-2022 03:10:37.406 INFO [http-nio-8080-exec-80] org.apache.catalina.startup.HostConfig.deployDescriptor Deployment of deployment descriptor [C:\ApacheTomcat\apache-tomcat-9.0.62-windows-x64\apache-tomcat-9.0.62\conf\Catalina\localhost\MyWebDemo.xml] has finished in [21] ms
05-May-2022 03:10:37.407 INFO [http-nio-8080-exec-85] org.apache.catalina.util.LifecycleBase.start The start() method was called on component [StandardEngine[Catalina].StandardHost[localhost].StandardContext[/MyWebDemo]] after start() had already been called. The second call will be ignored.
05-May-2022 03:13:20.944 INFO [http-nio-8080-exec-93] org.apache.catalina.startup.HostConfig.undeploy Undeploying context [/MyWebDemo]
05-May-2022 03:13:20.954 INFO [http-nio-8080-exec-89] org.apache.catalina.startup.HostConfig.deployDescriptor Deploying deployment descriptor [C:\ApacheTomcat\apache-tomcat-9.0.62-windows-x64\apache-tomcat-9.0.62\conf\Catalina\localhost\MyWebDemo.xml]
05-May-2022 03:13:20.955 WARNING [http-nio-8080-exec-89] org.apache.catalina.startup.HostConfig.deployDescriptor The path attribute with value [/MyWebDemo] in deployment descriptor [C:\ApacheTomcat\apache-tomcat-9.0.62-windows-x64\apache-tomcat-9.0.62\conf\Catalina\localhost\MyWebDemo.xml] has been ignored
05-May-2022 03:13:20.969 INFO [http-nio-8080-exec-89] org.apache.catalina.startup.HostConfig.deployDescriptor Deployment of deployment descriptor [C:\ApacheTomcat\apache-tomcat-9.0.62-windows-x64\apache-tomcat-9.0.62\conf\Catalina\localhost\MyWebDemo.xml] has finished in [15] ms
05-May-2022 03:13:20.970 INFO [http-nio-8080-exec-92] org.apache.catalina.util.LifecycleBase.start The start() method was called on component [StandardEngine[Catalina].StandardHost[localhost].StandardContext[/MyWebDemo]] after start() had already been called. The second call will be ignored.
05-May-2022 03:13:54.722 INFO [http-nio-8080-exec-96] org.apache.catalina.startup.HostConfig.undeploy Undeploying context [/MyWebDemo]
05-May-2022 03:13:54.729 INFO [http-nio-8080-exec-97] org.apache.catalina.startup.HostConfig.deployDescriptor Deploying deployment descriptor [C:\ApacheTomcat\apache-tomcat-9.0.62-windows-x64\apache-tomcat-9.0.62\conf\Catalina\localhost\MyWebDemo.xml]
05-May-2022 03:13:54.730 WARNING [http-nio-8080-exec-97] org.apache.catalina.startup.HostConfig.deployDescriptor The path attribute with value [/MyWebDemo] in deployment descriptor [C:\ApacheTomcat\apache-tomcat-9.0.62-windows-x64\apache-tomcat-9.0.62\conf\Catalina\localhost\MyWebDemo.xml] has been ignored
05-May-2022 03:13:54.743 INFO [http-nio-8080-exec-97] org.apache.catalina.startup.HostConfig.deployDescriptor Deployment of deployment descriptor [C:\ApacheTomcat\apache-tomcat-9.0.62-windows-x64\apache-tomcat-9.0.62\conf\Catalina\localhost\MyWebDemo.xml] has finished in [14] ms
05-May-2022 03:13:54.744 INFO [http-nio-8080-exec-90] org.apache.catalina.util.LifecycleBase.start The start() method was called on component [StandardEngine[Catalina].StandardHost[localhost].StandardContext[/MyWebDemo]] after start() had already been called. The second call will be ignored.
05-May-2022 03:17:24.596 INFO [http-nio-8080-exec-103] org.apache.catalina.core.StandardContext.reload Reloading Context with name [/MyWebDemo] has started
05-May-2022 03:17:24.616 INFO [http-nio-8080-exec-103] org.apache.catalina.core.StandardContext.reload Reloading Context with name [/MyWebDemo] is completed
05-May-2022 03:17:24.780 INFO [http-nio-8080-exec-102] org.apache.catalina.core.StandardContext.reload Reloading Context with name [/MyWebDemo] has started
05-May-2022 03:17:24.800 INFO [http-nio-8080-exec-102] org.apache.catalina.core.StandardContext.reload Reloading Context with name [/MyWebDemo] is completed
05-May-2022 03:19:05.156 INFO [http-nio-8080-exec-91] org.apache.catalina.core.StandardContext.reload Reloading Context with name [/MyWebDemo] has started
05-May-2022 03:19:05.174 INFO [http-nio-8080-exec-91] org.apache.catalina.core.StandardContext.reload Reloading Context with name [/MyWebDemo] is completed
05-May-2022 03:19:11.612 INFO [http-nio-8080-exec-101] org.apache.catalina.core.StandardContext.reload Reloading Context with name [/MyWebDemo] has started
05-May-2022 03:19:11.630 INFO [http-nio-8080-exec-101] org.apache.catalina.core.StandardContext.reload Reloading Context with name [/MyWebDemo] is completed
05-May-2022 03:21:58.567 INFO [http-nio-8080-exec-110] org.apache.catalina.core.StandardContext.reload Reloading Context with name [/MyWebDemo] has started
05-May-2022 03:21:58.585 INFO [http-nio-8080-exec-110] org.apache.catalina.core.StandardContext.reload Reloading Context with name [/MyWebDemo] is completed
05-May-2022 03:22:03.017 INFO [http-nio-8080-exec-100] org.apache.catalina.startup.HostConfig.undeploy Undeploying context [/MyWebDemo]
05-May-2022 03:22:03.028 INFO [http-nio-8080-exec-102] org.apache.catalina.startup.HostConfig.deployDescriptor Deploying deployment descriptor [C:\ApacheTomcat\apache-tomcat-9.0.62-windows-x64\apache-tomcat-9.0.62\conf\Catalina\localhost\MyWebDemo.xml]
05-May-2022 03:22:03.029 WARNING [http-nio-8080-exec-102] org.apache.catalina.startup.HostConfig.deployDescriptor The path attribute with value [/MyWebDemo] in deployment descriptor [C:\ApacheTomcat\apache-tomcat-9.0.62-windows-x64\apache-tomcat-9.0.62\conf\Catalina\localhost\MyWebDemo.xml] has been ignored
05-May-2022 03:22:03.049 INFO [http-nio-8080-exec-102] org.apache.catalina.startup.HostConfig.deployDescriptor Deployment of deployment descriptor [C:\ApacheTomcat\apache-tomcat-9.0.62-windows-x64\apache-tomcat-9.0.62\conf\Catalina\localhost\MyWebDemo.xml] has finished in [21] ms
05-May-2022 03:22:03.050 INFO [http-nio-8080-exec-113] org.apache.catalina.util.LifecycleBase.start The start() method was called on component [StandardEngine[Catalina].StandardHost[localhost].StandardContext[/MyWebDemo]] after start() had already been called. The second call will be ignored.
05-May-2022 03:35:06.709 INFO [http-nio-8080-exec-118] org.apache.catalina.core.StandardContext.reload Reloading Context with name [/MyWebDemo] has started
05-May-2022 03:35:06.726 INFO [http-nio-8080-exec-118] org.apache.catalina.core.StandardContext.reload Reloading Context with name [/MyWebDemo] is completed
05-May-2022 03:36:05.268 INFO [http-nio-8080-exec-125] org.apache.catalina.startup.HostConfig.undeploy Undeploying context [/MyWebDemo]
05-May-2022 03:36:05.278 INFO [http-nio-8080-exec-117] org.apache.catalina.startup.HostConfig.deployDescriptor Deploying deployment descriptor [C:\ApacheTomcat\apache-tomcat-9.0.62-windows-x64\apache-tomcat-9.0.62\conf\Catalina\localhost\MyWebDemo.xml]
05-May-2022 03:36:05.278 WARNING [http-nio-8080-exec-117] org.apache.catalina.startup.HostConfig.deployDescriptor The path attribute with value [/MyWebDemo] in deployment descriptor [C:\ApacheTomcat\apache-tomcat-9.0.62-windows-x64\apache-tomcat-9.0.62\conf\Catalina\localhost\MyWebDemo.xml] has been ignored
05-May-2022 03:36:05.298 INFO [http-nio-8080-exec-117] org.apache.catalina.startup.HostConfig.deployDescriptor Deployment of deployment descriptor [C:\ApacheTomcat\apache-tomcat-9.0.62-windows-x64\apache-tomcat-9.0.62\conf\Catalina\localhost\MyWebDemo.xml] has finished in [20] ms
05-May-2022 03:36:05.300 INFO [http-nio-8080-exec-119] org.apache.catalina.util.LifecycleBase.start The start() method was called on component [StandardEngine[Catalina].StandardHost[localhost].StandardContext[/MyWebDemo]] after start() had already been called. The second call will be ignored.
05-May-2022 03:37:46.531 INFO [http-nio-8080-exec-128] org.apache.catalina.core.StandardContext.reload Reloading Context with name [/MyWebDemo] has started
05-May-2022 03:37:46.554 INFO [http-nio-8080-exec-128] org.apache.catalina.core.StandardContext.reload Reloading Context with name [/MyWebDemo] is completed
05-May-2022 03:37:49.532 INFO [http-nio-8080-exec-131] org.apache.catalina.startup.HostConfig.undeploy Undeploying context [/MyWebDemo]
05-May-2022 03:37:49.548 INFO [http-nio-8080-exec-130] org.apache.catalina.startup.HostConfig.deployDescriptor Deploying deployment descriptor [C:\ApacheTomcat\apache-tomcat-9.0.62-windows-x64\apache-tomcat-9.0.62\conf\Catalina\localhost\MyWebDemo.xml]
05-May-2022 03:37:49.548 WARNING [http-nio-8080-exec-130] org.apache.catalina.startup.HostConfig.deployDescriptor The path attribute with value [/MyWebDemo] in deployment descriptor [C:\ApacheTomcat\apache-tomcat-9.0.62-windows-x64\apache-tomcat-9.0.62\conf\Catalina\localhost\MyWebDemo.xml] has been ignored
05-May-2022 03:37:49.570 INFO [http-nio-8080-exec-130] org.apache.catalina.startup.HostConfig.deployDescriptor Deployment of deployment descriptor [C:\ApacheTomcat\apache-tomcat-9.0.62-windows-x64\apache-tomcat-9.0.62\conf\Catalina\localhost\MyWebDemo.xml] has finished in [23] ms
05-May-2022 03:37:49.571 INFO [http-nio-8080-exec-133] org.apache.catalina.util.LifecycleBase.start The start() method was called on component [StandardEngine[Catalina].StandardHost[localhost].StandardContext[/MyWebDemo]] after start() had already been called. The second call will be ignored.
05-May-2022 03:39:33.020 INFO [http-nio-8080-exec-137] org.apache.catalina.core.StandardContext.reload Reloading Context with name [/MyWebDemo] has started
05-May-2022 03:39:33.046 INFO [http-nio-8080-exec-137] org.apache.catalina.core.StandardContext.reload Reloading Context with name [/MyWebDemo] is completed
05-May-2022 03:39:33.206 INFO [http-nio-8080-exec-140] org.apache.catalina.core.StandardContext.reload Reloading Context with name [/MyWebDemo] has started
05-May-2022 03:39:33.225 INFO [http-nio-8080-exec-140] org.apache.catalina.core.StandardContext.reload Reloading Context with name [/MyWebDemo] is completed
05-May-2022 03:40:56.953 INFO [http-nio-8080-exec-135] org.apache.catalina.core.StandardContext.reload Reloading Context with name [/MyWebDemo] has started
05-May-2022 03:40:56.973 INFO [http-nio-8080-exec-135] org.apache.catalina.core.StandardContext.reload Reloading Context with name [/MyWebDemo] is completed
05-May-2022 03:42:35.324 INFO [http-nio-8080-exec-142] org.apache.catalina.core.StandardContext.reload Reloading Context with name [/MyWebDemo] has started
05-May-2022 03:42:35.345 INFO [http-nio-8080-exec-142] org.apache.catalina.core.StandardContext.reload Reloading Context with name [/MyWebDemo] is completed
05-May-2022 03:42:41.284 INFO [http-nio-8080-exec-140] org.apache.catalina.startup.HostConfig.undeploy Undeploying context [/MyWebDemo]
05-May-2022 03:42:41.295 INFO [http-nio-8080-exec-136] org.apache.catalina.startup.HostConfig.deployDescriptor Deploying deployment descriptor [C:\ApacheTomcat\apache-tomcat-9.0.62-windows-x64\apache-tomcat-9.0.62\conf\Catalina\localhost\MyWebDemo.xml]
05-May-2022 03:42:41.296 WARNING [http-nio-8080-exec-136] org.apache.catalina.startup.HostConfig.deployDescriptor The path attribute with value [/MyWebDemo] in deployment descriptor [C:\ApacheTomcat\apache-tomcat-9.0.62-windows-x64\apache-tomcat-9.0.62\conf\Catalina\localhost\MyWebDemo.xml] has been ignored
05-May-2022 03:42:41.318 INFO [http-nio-8080-exec-136] org.apache.catalina.startup.HostConfig.deployDescriptor Deployment of deployment descriptor [C:\ApacheTomcat\apache-tomcat-9.0.62-windows-x64\apache-tomcat-9.0.62\conf\Catalina\localhost\MyWebDemo.xml] has finished in [23] ms
05-May-2022 03:42:41.319 INFO [http-nio-8080-exec-128] org.apache.catalina.util.LifecycleBase.start The start() method was called on component [StandardEngine[Catalina].StandardHost[localhost].StandardContext[/MyWebDemo]] after start() had already been called. The second call will be ignored.
05-May-2022 03:48:08.609 INFO [http-nio-8080-exec-156] org.apache.catalina.core.StandardContext.reload Reloading Context with name [/MyWebDemo] has started
05-May-2022 03:48:08.633 INFO [http-nio-8080-exec-156] org.apache.catalina.core.StandardContext.reload Reloading Context with name [/MyWebDemo] is completed
05-May-2022 03:48:08.780 INFO [http-nio-8080-exec-155] org.apache.catalina.core.StandardContext.reload Reloading Context with name [/MyWebDemo] has started
05-May-2022 03:48:08.802 INFO [http-nio-8080-exec-155] org.apache.catalina.core.StandardContext.reload Reloading Context with name [/MyWebDemo] is completed
05-May-2022 03:48:39.580 INFO [http-nio-8080-exec-152] org.apache.catalina.core.StandardContext.reload Reloading Context with name [/MyWebDemo] has started
05-May-2022 03:48:39.602 INFO [http-nio-8080-exec-152] org.apache.catalina.core.StandardContext.reload Reloading Context with name [/MyWebDemo] is completed
05-May-2022 03:48:56.495 INFO [http-nio-8080-exec-148] org.apache.catalina.startup.HostConfig.undeploy Undeploying context [/MyWebDemo]
05-May-2022 03:48:56.509 INFO [http-nio-8080-exec-154] org.apache.catalina.startup.HostConfig.deployDescriptor Deploying deployment descriptor [C:\ApacheTomcat\apache-tomcat-9.0.62-windows-x64\apache-tomcat-9.0.62\conf\Catalina\localhost\MyWebDemo.xml]
05-May-2022 03:48:56.509 WARNING [http-nio-8080-exec-154] org.apache.catalina.startup.HostConfig.deployDescriptor The path attribute with value [/MyWebDemo] in deployment descriptor [C:\ApacheTomcat\apache-tomcat-9.0.62-windows-x64\apache-tomcat-9.0.62\conf\Catalina\localhost\MyWebDemo.xml] has been ignored
05-May-2022 03:48:56.530 INFO [http-nio-8080-exec-154] org.apache.catalina.startup.HostConfig.deployDescriptor Deployment of deployment descriptor [C:\ApacheTomcat\apache-tomcat-9.0.62-windows-x64\apache-tomcat-9.0.62\conf\Catalina\localhost\MyWebDemo.xml] has finished in [22] ms
05-May-2022 03:48:56.531 INFO [http-nio-8080-exec-147] org.apache.catalina.util.LifecycleBase.start The start() method was called on component [StandardEngine[Catalina].StandardHost[localhost].StandardContext[/MyWebDemo]] after start() had already been called. The second call will be ignored.
05-May-2022 03:55:04.171 INFO [http-nio-8080-exec-163] org.apache.catalina.core.StandardContext.reload Reloading Context with name [/MyWebDemo] has started
05-May-2022 03:55:04.195 INFO [http-nio-8080-exec-163] org.apache.catalina.core.StandardContext.reload Reloading Context with name [/MyWebDemo] is completed
05-May-2022 03:55:09.213 INFO [http-nio-8080-exec-168] org.apache.catalina.core.StandardContext.reload Reloading Context with name [/MyWebDemo] has started
05-May-2022 03:55:09.233 INFO [http-nio-8080-exec-168] org.apache.catalina.core.StandardContext.reload Reloading Context with name [/MyWebDemo] is completed
05-May-2022 03:55:52.126 INFO [http-nio-8080-exec-164] org.apache.catalina.startup.HostConfig.undeploy Undeploying context [/MyWebDemo]
05-May-2022 03:55:52.136 INFO [http-nio-8080-exec-160] org.apache.catalina.startup.HostConfig.deployDescriptor Deploying deployment descriptor [C:\ApacheTomcat\apache-tomcat-9.0.62-windows-x64\apache-tomcat-9.0.62\conf\Catalina\localhost\MyWebDemo.xml]
05-May-2022 03:55:52.136 WARNING [http-nio-8080-exec-160] org.apache.catalina.startup.HostConfig.deployDescriptor The path attribute with value [/MyWebDemo] in deployment descriptor [C:\ApacheTomcat\apache-tomcat-9.0.62-windows-x64\apache-tomcat-9.0.62\conf\Catalina\localhost\MyWebDemo.xml] has been ignored
05-May-2022 03:55:52.156 INFO [http-nio-8080-exec-160] org.apache.catalina.startup.HostConfig.deployDescriptor Deployment of deployment descriptor [C:\ApacheTomcat\apache-tomcat-9.0.62-windows-x64\apache-tomcat-9.0.62\conf\Catalina\localhost\MyWebDemo.xml] has finished in [20] ms
05-May-2022 03:55:52.158 INFO [http-nio-8080-exec-167] org.apache.catalina.util.LifecycleBase.start The start() method was called on component [StandardEngine[Catalina].StandardHost[localhost].StandardContext[/MyWebDemo]] after start() had already been called. The second call will be ignored.
05-May-2022 04:01:41.827 INFO [http-nio-8080-exec-182] org.apache.catalina.startup.HostConfig.undeploy Undeploying context [/MyWebDemo]
05-May-2022 04:01:41.842 INFO [http-nio-8080-exec-175] org.apache.catalina.startup.HostConfig.deployDescriptor Deploying deployment descriptor [C:\ApacheTomcat\apache-tomcat-9.0.62-windows-x64\apache-tomcat-9.0.62\conf\Catalina\localhost\MyWebDemo.xml]
05-May-2022 04:01:41.842 WARNING [http-nio-8080-exec-175] org.apache.catalina.startup.HostConfig.deployDescriptor The path attribute with value [/MyWebDemo] in deployment descriptor [C:\ApacheTomcat\apache-tomcat-9.0.62-windows-x64\apache-tomcat-9.0.62\conf\Catalina\localhost\MyWebDemo.xml] has been ignored
05-May-2022 04:01:41.863 INFO [http-nio-8080-exec-175] org.apache.catalina.startup.HostConfig.deployDescriptor Deployment of deployment descriptor [C:\ApacheTomcat\apache-tomcat-9.0.62-windows-x64\apache-tomcat-9.0.62\conf\Catalina\localhost\MyWebDemo.xml] has finished in [21] ms
05-May-2022 04:01:41.865 INFO [http-nio-8080-exec-174] org.apache.catalina.util.LifecycleBase.start The start() method was called on component [StandardEngine[Catalina].StandardHost[localhost].StandardContext[/MyWebDemo]] after start() had already been called. The second call will be ignored.
05-May-2022 04:03:19.773 INFO [http-nio-8080-exec-180] org.apache.catalina.startup.HostConfig.undeploy Undeploying context [/MyWebDemo]
05-May-2022 04:03:19.800 INFO [http-nio-8080-exec-188] org.apache.catalina.startup.HostConfig.deployDescriptor Deploying deployment descriptor [C:\ApacheTomcat\apache-tomcat-9.0.62-windows-x64\apache-tomcat-9.0.62\conf\Catalina\localhost\MyWebDemo.xml]
05-May-2022 04:03:19.801 WARNING [http-nio-8080-exec-188] org.apache.catalina.startup.HostConfig.deployDescriptor The path attribute with value [/MyWebDemo] in deployment descriptor [C:\ApacheTomcat\apache-tomcat-9.0.62-windows-x64\apache-tomcat-9.0.62\conf\Catalina\localhost\MyWebDemo.xml] has been ignored
05-May-2022 04:03:19.821 INFO [http-nio-8080-exec-188] org.apache.catalina.startup.HostConfig.deployDescriptor Deployment of deployment descriptor [C:\ApacheTomcat\apache-tomcat-9.0.62-windows-x64\apache-tomcat-9.0.62\conf\Catalina\localhost\MyWebDemo.xml] has finished in [20] ms
05-May-2022 04:03:19.822 INFO [http-nio-8080-exec-189] org.apache.catalina.util.LifecycleBase.start The start() method was called on component [StandardEngine[Catalina].StandardHost[localhost].StandardContext[/MyWebDemo]] after start() had already been called. The second call will be ignored.
05-May-2022 04:49:03.537 INFO [http-nio-8080-exec-197] org.apache.catalina.startup.HostConfig.undeploy Undeploying context [/MyWebDemo]
05-May-2022 04:49:03.552 INFO [http-nio-8080-exec-200] org.apache.catalina.startup.HostConfig.deployDescriptor Deploying deployment descriptor [C:\ApacheTomcat\apache-tomcat-9.0.62-windows-x64\apache-tomcat-9.0.62\conf\Catalina\localhost\MyWebDemo.xml]
05-May-2022 04:49:03.555 WARNING [http-nio-8080-exec-200] org.apache.catalina.startup.HostConfig.deployDescriptor The path attribute with value [/MyWebDemo] in deployment descriptor [C:\ApacheTomcat\apache-tomcat-9.0.62-windows-x64\apache-tomcat-9.0.62\conf\Catalina\localhost\MyWebDemo.xml] has been ignored
05-May-2022 04:49:03.586 INFO [http-nio-8080-exec-200] org.apache.catalina.startup.HostConfig.deployDescriptor Deployment of deployment descriptor [C:\ApacheTomcat\apache-tomcat-9.0.62-windows-x64\apache-tomcat-9.0.62\conf\Catalina\localhost\MyWebDemo.xml] has finished in [33] ms
05-May-2022 04:49:03.587 INFO [http-nio-8080-exec-193] org.apache.catalina.util.LifecycleBase.start The start() method was called on component [StandardEngine[Catalina].StandardHost[localhost].StandardContext[/MyWebDemo]] after start() had already been called. The second call will be ignored.
05-May-2022 04:52:29.420 INFO [http-nio-8080-exec-202] org.apache.catalina.core.StandardContext.reload Reloading Context with name [/MyWebDemo] has started
05-May-2022 04:52:29.448 INFO [http-nio-8080-exec-202] org.apache.catalina.core.StandardContext.reload Reloading Context with name [/MyWebDemo] is completed
05-May-2022 04:52:29.562 INFO [http-nio-8080-exec-210] org.apache.catalina.core.StandardContext.reload Reloading Context with name [/MyWebDemo] has started
05-May-2022 04:52:29.584 INFO [http-nio-8080-exec-210] org.apache.catalina.core.StandardContext.reload Reloading Context with name [/MyWebDemo] is completed
05-May-2022 04:53:21.025 INFO [http-nio-8080-exec-208] org.apache.catalina.core.StandardContext.reload Reloading Context with name [/MyWebDemo] has started
05-May-2022 04:53:21.046 INFO [http-nio-8080-exec-208] org.apache.catalina.core.StandardContext.reload Reloading Context with name [/MyWebDemo] is completed
