06-May-2022 01:41:21.187 INFO [http-nio-8080-exec-217] org.apache.catalina.startup.HostConfig.undeploy Undeploying context [/MyWebDemo]
06-May-2022 01:41:21.213 INFO [http-nio-8080-exec-219] org.apache.catalina.startup.HostConfig.deployDescriptor Deploying deployment descriptor [C:\ApacheTomcat\apache-tomcat-9.0.62-windows-x64\apache-tomcat-9.0.62\conf\Catalina\localhost\MyWebDemo.xml]
06-May-2022 01:41:21.238 WARNING [http-nio-8080-exec-219] org.apache.catalina.startup.HostConfig.deployDescriptor The path attribute with value [/MyWebDemo] in deployment descriptor [C:\ApacheTomcat\apache-tomcat-9.0.62-windows-x64\apache-tomcat-9.0.62\conf\Catalina\localhost\MyWebDemo.xml] has been ignored
06-May-2022 01:41:21.318 INFO [http-nio-8080-exec-219] org.apache.catalina.startup.HostConfig.deployDescriptor Deployment of deployment descriptor [C:\ApacheTomcat\apache-tomcat-9.0.62-windows-x64\apache-tomcat-9.0.62\conf\Catalina\localhost\MyWebDemo.xml] has finished in [104] ms
06-May-2022 01:41:21.319 INFO [http-nio-8080-exec-218] org.apache.catalina.util.LifecycleBase.start The start() method was called on component [StandardEngine[Catalina].StandardHost[localhost].StandardContext[/MyWebDemo]] after start() had already been called. The second call will be ignored.
06-May-2022 02:02:32.379 INFO [http-nio-8080-exec-225] org.apache.catalina.core.StandardContext.reload Reloading Context with name [/MyWebDemo] has started
06-May-2022 02:02:32.410 INFO [http-nio-8080-exec-225] org.apache.catalina.core.StandardContext.reload Reloading Context with name [/MyWebDemo] is completed
06-May-2022 02:04:00.324 INFO [http-nio-8080-exec-234] org.apache.catalina.core.StandardContext.reload Reloading Context with name [/MyWebDemo] has started
06-May-2022 02:04:00.349 INFO [http-nio-8080-exec-234] org.apache.catalina.core.StandardContext.reload Reloading Context with name [/MyWebDemo] is completed
06-May-2022 02:04:01.655 INFO [http-nio-8080-exec-223] org.apache.catalina.core.StandardContext.reload Reloading Context with name [/MyWebDemo] has started
06-May-2022 02:04:01.685 INFO [http-nio-8080-exec-223] org.apache.catalina.core.StandardContext.reload Reloading Context with name [/MyWebDemo] is completed
06-May-2022 02:04:44.602 INFO [http-nio-8080-exec-233] org.apache.catalina.core.StandardContext.reload Reloading Context with name [/MyWebDemo] has started
06-May-2022 02:04:44.625 INFO [http-nio-8080-exec-233] org.apache.catalina.core.StandardContext.reload Reloading Context with name [/MyWebDemo] is completed
06-May-2022 02:29:16.150 INFO [http-nio-8080-exec-242] org.apache.catalina.startup.HostConfig.undeploy Undeploying context [/MyWebDemo]
06-May-2022 02:29:16.162 INFO [http-nio-8080-exec-246] org.apache.catalina.startup.HostConfig.deployDescriptor Deploying deployment descriptor [C:\ApacheTomcat\apache-tomcat-9.0.62-windows-x64\apache-tomcat-9.0.62\conf\Catalina\localhost\MyWebDemo.xml]
06-May-2022 02:29:16.163 WARNING [http-nio-8080-exec-246] org.apache.catalina.startup.HostConfig.deployDescriptor The path attribute with value [/MyWebDemo] in deployment descriptor [C:\ApacheTomcat\apache-tomcat-9.0.62-windows-x64\apache-tomcat-9.0.62\conf\Catalina\localhost\MyWebDemo.xml] has been ignored
06-May-2022 02:29:16.185 INFO [http-nio-8080-exec-246] org.apache.catalina.startup.HostConfig.deployDescriptor Deployment of deployment descriptor [C:\ApacheTomcat\apache-tomcat-9.0.62-windows-x64\apache-tomcat-9.0.62\conf\Catalina\localhost\MyWebDemo.xml] has finished in [23] ms
06-May-2022 02:29:16.186 INFO [http-nio-8080-exec-239] org.apache.catalina.util.LifecycleBase.start The start() method was called on component [StandardEngine[Catalina].StandardHost[localhost].StandardContext[/MyWebDemo]] after start() had already been called. The second call will be ignored.
06-May-2022 02:29:45.986 INFO [http-nio-8080-exec-241] org.apache.catalina.startup.HostConfig.undeploy Undeploying context [/MyWebDemo]
06-May-2022 02:29:45.995 INFO [http-nio-8080-exec-251] org.apache.catalina.startup.HostConfig.deployDescriptor Deploying deployment descriptor [C:\ApacheTomcat\apache-tomcat-9.0.62-windows-x64\apache-tomcat-9.0.62\conf\Catalina\localhost\MyWebDemo.xml]
06-May-2022 02:29:45.996 WARNING [http-nio-8080-exec-251] org.apache.catalina.startup.HostConfig.deployDescriptor The path attribute with value [/MyWebDemo] in deployment descriptor [C:\ApacheTomcat\apache-tomcat-9.0.62-windows-x64\apache-tomcat-9.0.62\conf\Catalina\localhost\MyWebDemo.xml] has been ignored
06-May-2022 02:29:46.018 INFO [http-nio-8080-exec-251] org.apache.catalina.startup.HostConfig.deployDescriptor Deployment of deployment descriptor [C:\ApacheTomcat\apache-tomcat-9.0.62-windows-x64\apache-tomcat-9.0.62\conf\Catalina\localhost\MyWebDemo.xml] has finished in [23] ms
06-May-2022 02:29:46.019 INFO [http-nio-8080-exec-243] org.apache.catalina.util.LifecycleBase.start The start() method was called on component [StandardEngine[Catalina].StandardHost[localhost].StandardContext[/MyWebDemo]] after start() had already been called. The second call will be ignored.
06-May-2022 02:33:19.514 INFO [http-nio-8080-exec-253] org.apache.catalina.startup.HostConfig.undeploy Undeploying context [/MyWebDemo]
06-May-2022 02:33:19.524 INFO [http-nio-8080-exec-259] org.apache.catalina.startup.HostConfig.deployDescriptor Deploying deployment descriptor [C:\ApacheTomcat\apache-tomcat-9.0.62-windows-x64\apache-tomcat-9.0.62\conf\Catalina\localhost\MyWebDemo.xml]
06-May-2022 02:33:19.525 WARNING [http-nio-8080-exec-259] org.apache.catalina.startup.HostConfig.deployDescriptor The path attribute with value [/MyWebDemo] in deployment descriptor [C:\ApacheTomcat\apache-tomcat-9.0.62-windows-x64\apache-tomcat-9.0.62\conf\Catalina\localhost\MyWebDemo.xml] has been ignored
06-May-2022 02:33:19.545 INFO [http-nio-8080-exec-259] org.apache.catalina.startup.HostConfig.deployDescriptor Deployment of deployment descriptor [C:\ApacheTomcat\apache-tomcat-9.0.62-windows-x64\apache-tomcat-9.0.62\conf\Catalina\localhost\MyWebDemo.xml] has finished in [21] ms
06-May-2022 02:33:19.546 INFO [http-nio-8080-exec-254] org.apache.catalina.util.LifecycleBase.start The start() method was called on component [StandardEngine[Catalina].StandardHost[localhost].StandardContext[/MyWebDemo]] after start() had already been called. The second call will be ignored.
06-May-2022 02:39:51.552 INFO [http-nio-8080-exec-266] org.apache.catalina.startup.HostConfig.undeploy Undeploying context [/MyWebDemo]
06-May-2022 02:39:51.562 INFO [http-nio-8080-exec-265] org.apache.catalina.startup.HostConfig.deployDescriptor Deploying deployment descriptor [C:\ApacheTomcat\apache-tomcat-9.0.62-windows-x64\apache-tomcat-9.0.62\conf\Catalina\localhost\MyWebDemo.xml]
06-May-2022 02:39:51.562 WARNING [http-nio-8080-exec-265] org.apache.catalina.startup.HostConfig.deployDescriptor The path attribute with value [/MyWebDemo] in deployment descriptor [C:\ApacheTomcat\apache-tomcat-9.0.62-windows-x64\apache-tomcat-9.0.62\conf\Catalina\localhost\MyWebDemo.xml] has been ignored
06-May-2022 02:39:51.584 INFO [http-nio-8080-exec-265] org.apache.catalina.startup.HostConfig.deployDescriptor Deployment of deployment descriptor [C:\ApacheTomcat\apache-tomcat-9.0.62-windows-x64\apache-tomcat-9.0.62\conf\Catalina\localhost\MyWebDemo.xml] has finished in [22] ms
06-May-2022 02:39:51.586 INFO [http-nio-8080-exec-261] org.apache.catalina.util.LifecycleBase.start The start() method was called on component [StandardEngine[Catalina].StandardHost[localhost].StandardContext[/MyWebDemo]] after start() had already been called. The second call will be ignored.
06-May-2022 02:40:57.262 INFO [http-nio-8080-exec-276] org.apache.catalina.startup.HostConfig.undeploy Undeploying context [/MyWebDemo]
06-May-2022 02:40:57.275 INFO [http-nio-8080-exec-272] org.apache.catalina.startup.HostConfig.deployDescriptor Deploying deployment descriptor [C:\ApacheTomcat\apache-tomcat-9.0.62-windows-x64\apache-tomcat-9.0.62\conf\Catalina\localhost\MyWebDemo.xml]
06-May-2022 02:40:57.276 WARNING [http-nio-8080-exec-272] org.apache.catalina.startup.HostConfig.deployDescriptor The path attribute with value [/MyWebDemo] in deployment descriptor [C:\ApacheTomcat\apache-tomcat-9.0.62-windows-x64\apache-tomcat-9.0.62\conf\Catalina\localhost\MyWebDemo.xml] has been ignored
06-May-2022 02:40:57.295 INFO [http-nio-8080-exec-272] org.apache.catalina.startup.HostConfig.deployDescriptor Deployment of deployment descriptor [C:\ApacheTomcat\apache-tomcat-9.0.62-windows-x64\apache-tomcat-9.0.62\conf\Catalina\localhost\MyWebDemo.xml] has finished in [20] ms
06-May-2022 02:40:57.296 INFO [http-nio-8080-exec-262] org.apache.catalina.util.LifecycleBase.start The start() method was called on component [StandardEngine[Catalina].StandardHost[localhost].StandardContext[/MyWebDemo]] after start() had already been called. The second call will be ignored.
06-May-2022 02:44:51.385 INFO [http-nio-8080-exec-284] org.apache.catalina.startup.HostConfig.undeploy Undeploying context [/MyWebDemo]
06-May-2022 02:44:51.398 INFO [http-nio-8080-exec-281] org.apache.catalina.startup.HostConfig.deployDescriptor Deploying deployment descriptor [C:\ApacheTomcat\apache-tomcat-9.0.62-windows-x64\apache-tomcat-9.0.62\conf\Catalina\localhost\MyWebDemo.xml]
06-May-2022 02:44:51.399 WARNING [http-nio-8080-exec-281] org.apache.catalina.startup.HostConfig.deployDescriptor The path attribute with value [/MyWebDemo] in deployment descriptor [C:\ApacheTomcat\apache-tomcat-9.0.62-windows-x64\apache-tomcat-9.0.62\conf\Catalina\localhost\MyWebDemo.xml] has been ignored
06-May-2022 02:44:51.418 INFO [http-nio-8080-exec-281] org.apache.catalina.startup.HostConfig.deployDescriptor Deployment of deployment descriptor [C:\ApacheTomcat\apache-tomcat-9.0.62-windows-x64\apache-tomcat-9.0.62\conf\Catalina\localhost\MyWebDemo.xml] has finished in [20] ms
06-May-2022 02:44:51.420 INFO [http-nio-8080-exec-282] org.apache.catalina.util.LifecycleBase.start The start() method was called on component [StandardEngine[Catalina].StandardHost[localhost].StandardContext[/MyWebDemo]] after start() had already been called. The second call will be ignored.
06-May-2022 02:51:27.334 INFO [http-nio-8080-exec-294] org.apache.catalina.startup.HostConfig.undeploy Undeploying context [/MyWebDemo]
06-May-2022 02:51:27.346 INFO [http-nio-8080-exec-292] org.apache.catalina.startup.HostConfig.deployDescriptor Deploying deployment descriptor [C:\ApacheTomcat\apache-tomcat-9.0.62-windows-x64\apache-tomcat-9.0.62\conf\Catalina\localhost\MyWebDemo.xml]
06-May-2022 02:51:27.347 WARNING [http-nio-8080-exec-292] org.apache.catalina.startup.HostConfig.deployDescriptor The path attribute with value [/MyWebDemo] in deployment descriptor [C:\ApacheTomcat\apache-tomcat-9.0.62-windows-x64\apache-tomcat-9.0.62\conf\Catalina\localhost\MyWebDemo.xml] has been ignored
06-May-2022 02:51:27.366 INFO [http-nio-8080-exec-292] org.apache.catalina.startup.HostConfig.deployDescriptor Deployment of deployment descriptor [C:\ApacheTomcat\apache-tomcat-9.0.62-windows-x64\apache-tomcat-9.0.62\conf\Catalina\localhost\MyWebDemo.xml] has finished in [20] ms
06-May-2022 02:51:27.367 INFO [http-nio-8080-exec-289] org.apache.catalina.util.LifecycleBase.start The start() method was called on component [StandardEngine[Catalina].StandardHost[localhost].StandardContext[/MyWebDemo]] after start() had already been called. The second call will be ignored.
06-May-2022 02:51:55.547 INFO [http-nio-8080-exec-290] org.apache.catalina.startup.HostConfig.undeploy Undeploying context [/MyWebDemo]
06-May-2022 02:51:55.559 INFO [http-nio-8080-exec-292] org.apache.catalina.startup.HostConfig.deployDescriptor Deploying deployment descriptor [C:\ApacheTomcat\apache-tomcat-9.0.62-windows-x64\apache-tomcat-9.0.62\conf\Catalina\localhost\MyWebDemo.xml]
06-May-2022 02:51:55.560 WARNING [http-nio-8080-exec-292] org.apache.catalina.startup.HostConfig.deployDescriptor The path attribute with value [/MyWebDemo] in deployment descriptor [C:\ApacheTomcat\apache-tomcat-9.0.62-windows-x64\apache-tomcat-9.0.62\conf\Catalina\localhost\MyWebDemo.xml] has been ignored
06-May-2022 02:51:55.579 INFO [http-nio-8080-exec-292] org.apache.catalina.startup.HostConfig.deployDescriptor Deployment of deployment descriptor [C:\ApacheTomcat\apache-tomcat-9.0.62-windows-x64\apache-tomcat-9.0.62\conf\Catalina\localhost\MyWebDemo.xml] has finished in [20] ms
06-May-2022 02:51:55.580 INFO [http-nio-8080-exec-301] org.apache.catalina.util.LifecycleBase.start The start() method was called on component [StandardEngine[Catalina].StandardHost[localhost].StandardContext[/MyWebDemo]] after start() had already been called. The second call will be ignored.
06-May-2022 03:11:20.188 INFO [http-nio-8080-exec-305] org.apache.catalina.startup.HostConfig.undeploy Undeploying context [/MyWebDemo]
06-May-2022 03:11:20.201 INFO [http-nio-8080-exec-312] org.apache.catalina.startup.HostConfig.deployDescriptor Deploying deployment descriptor [C:\ApacheTomcat\apache-tomcat-9.0.62-windows-x64\apache-tomcat-9.0.62\conf\Catalina\localhost\MyWebDemo.xml]
06-May-2022 03:11:20.202 WARNING [http-nio-8080-exec-312] org.apache.catalina.startup.HostConfig.deployDescriptor The path attribute with value [/MyWebDemo] in deployment descriptor [C:\ApacheTomcat\apache-tomcat-9.0.62-windows-x64\apache-tomcat-9.0.62\conf\Catalina\localhost\MyWebDemo.xml] has been ignored
06-May-2022 03:11:20.272 INFO [http-nio-8080-exec-312] org.apache.jasper.servlet.TldScanner.scanJars At least one JAR was scanned for TLDs yet contained no TLDs. Enable debug logging for this logger for a complete list of JARs that were scanned but no TLDs were found in them. Skipping unneeded JARs during scanning can improve startup time and JSP compilation time.
06-May-2022 03:11:20.273 INFO [http-nio-8080-exec-312] org.apache.catalina.startup.HostConfig.deployDescriptor Deployment of deployment descriptor [C:\ApacheTomcat\apache-tomcat-9.0.62-windows-x64\apache-tomcat-9.0.62\conf\Catalina\localhost\MyWebDemo.xml] has finished in [72] ms
06-May-2022 03:11:20.275 INFO [http-nio-8080-exec-308] org.apache.catalina.util.LifecycleBase.start The start() method was called on component [StandardEngine[Catalina].StandardHost[localhost].StandardContext[/MyWebDemo]] after start() had already been called. The second call will be ignored.
06-May-2022 03:13:28.492 INFO [http-nio-8080-exec-306] org.apache.catalina.startup.HostConfig.undeploy Undeploying context [/MyWebDemo]
06-May-2022 03:13:28.502 INFO [http-nio-8080-exec-310] org.apache.catalina.startup.HostConfig.deployDescriptor Deploying deployment descriptor [C:\ApacheTomcat\apache-tomcat-9.0.62-windows-x64\apache-tomcat-9.0.62\conf\Catalina\localhost\MyWebDemo.xml]
06-May-2022 03:13:28.502 WARNING [http-nio-8080-exec-310] org.apache.catalina.startup.HostConfig.deployDescriptor The path attribute with value [/MyWebDemo] in deployment descriptor [C:\ApacheTomcat\apache-tomcat-9.0.62-windows-x64\apache-tomcat-9.0.62\conf\Catalina\localhost\MyWebDemo.xml] has been ignored
06-May-2022 03:13:28.561 INFO [http-nio-8080-exec-310] org.apache.jasper.servlet.TldScanner.scanJars At least one JAR was scanned for TLDs yet contained no TLDs. Enable debug logging for this logger for a complete list of JARs that were scanned but no TLDs were found in them. Skipping unneeded JARs during scanning can improve startup time and JSP compilation time.
06-May-2022 03:13:28.562 INFO [http-nio-8080-exec-310] org.apache.catalina.startup.HostConfig.deployDescriptor Deployment of deployment descriptor [C:\ApacheTomcat\apache-tomcat-9.0.62-windows-x64\apache-tomcat-9.0.62\conf\Catalina\localhost\MyWebDemo.xml] has finished in [60] ms
06-May-2022 03:13:28.564 INFO [http-nio-8080-exec-315] org.apache.catalina.util.LifecycleBase.start The start() method was called on component [StandardEngine[Catalina].StandardHost[localhost].StandardContext[/MyWebDemo]] after start() had already been called. The second call will be ignored.
06-May-2022 03:14:02.258 INFO [http-nio-8080-exec-324] org.apache.catalina.startup.HostConfig.undeploy Undeploying context [/MyWebDemo]
06-May-2022 03:14:02.268 INFO [http-nio-8080-exec-325] org.apache.catalina.startup.HostConfig.deployDescriptor Deploying deployment descriptor [C:\ApacheTomcat\apache-tomcat-9.0.62-windows-x64\apache-tomcat-9.0.62\conf\Catalina\localhost\MyWebDemo.xml]
06-May-2022 03:14:02.269 WARNING [http-nio-8080-exec-325] org.apache.catalina.startup.HostConfig.deployDescriptor The path attribute with value [/MyWebDemo] in deployment descriptor [C:\ApacheTomcat\apache-tomcat-9.0.62-windows-x64\apache-tomcat-9.0.62\conf\Catalina\localhost\MyWebDemo.xml] has been ignored
06-May-2022 03:14:02.326 INFO [http-nio-8080-exec-325] org.apache.jasper.servlet.TldScanner.scanJars At least one JAR was scanned for TLDs yet contained no TLDs. Enable debug logging for this logger for a complete list of JARs that were scanned but no TLDs were found in them. Skipping unneeded JARs during scanning can improve startup time and JSP compilation time.
06-May-2022 03:14:02.327 INFO [http-nio-8080-exec-325] org.apache.catalina.startup.HostConfig.deployDescriptor Deployment of deployment descriptor [C:\ApacheTomcat\apache-tomcat-9.0.62-windows-x64\apache-tomcat-9.0.62\conf\Catalina\localhost\MyWebDemo.xml] has finished in [59] ms
06-May-2022 03:14:02.329 INFO [http-nio-8080-exec-323] org.apache.catalina.util.LifecycleBase.start The start() method was called on component [StandardEngine[Catalina].StandardHost[localhost].StandardContext[/MyWebDemo]] after start() had already been called. The second call will be ignored.
06-May-2022 03:15:06.665 INFO [http-nio-8080-exec-323] org.apache.catalina.startup.HostConfig.undeploy Undeploying context [/MyWebDemo]
06-May-2022 03:15:06.679 INFO [http-nio-8080-exec-332] org.apache.catalina.startup.HostConfig.deployDescriptor Deploying deployment descriptor [C:\ApacheTomcat\apache-tomcat-9.0.62-windows-x64\apache-tomcat-9.0.62\conf\Catalina\localhost\MyWebDemo.xml]
06-May-2022 03:15:06.680 WARNING [http-nio-8080-exec-332] org.apache.catalina.startup.HostConfig.deployDescriptor The path attribute with value [/MyWebDemo] in deployment descriptor [C:\ApacheTomcat\apache-tomcat-9.0.62-windows-x64\apache-tomcat-9.0.62\conf\Catalina\localhost\MyWebDemo.xml] has been ignored
06-May-2022 03:15:06.737 INFO [http-nio-8080-exec-332] org.apache.jasper.servlet.TldScanner.scanJars At least one JAR was scanned for TLDs yet contained no TLDs. Enable debug logging for this logger for a complete list of JARs that were scanned but no TLDs were found in them. Skipping unneeded JARs during scanning can improve startup time and JSP compilation time.
06-May-2022 03:15:06.738 INFO [http-nio-8080-exec-332] org.apache.catalina.startup.HostConfig.deployDescriptor Deployment of deployment descriptor [C:\ApacheTomcat\apache-tomcat-9.0.62-windows-x64\apache-tomcat-9.0.62\conf\Catalina\localhost\MyWebDemo.xml] has finished in [59] ms
06-May-2022 03:15:06.740 INFO [http-nio-8080-exec-322] org.apache.catalina.util.LifecycleBase.start The start() method was called on component [StandardEngine[Catalina].StandardHost[localhost].StandardContext[/MyWebDemo]] after start() had already been called. The second call will be ignored.
06-May-2022 03:15:59.634 INFO [http-nio-8080-exec-340] org.apache.catalina.startup.HostConfig.undeploy Undeploying context [/MyWebDemo]
06-May-2022 03:15:59.644 INFO [http-nio-8080-exec-344] org.apache.catalina.startup.HostConfig.deployDescriptor Deploying deployment descriptor [C:\ApacheTomcat\apache-tomcat-9.0.62-windows-x64\apache-tomcat-9.0.62\conf\Catalina\localhost\MyWebDemo.xml]
06-May-2022 03:15:59.644 WARNING [http-nio-8080-exec-344] org.apache.catalina.startup.HostConfig.deployDescriptor The path attribute with value [/MyWebDemo] in deployment descriptor [C:\ApacheTomcat\apache-tomcat-9.0.62-windows-x64\apache-tomcat-9.0.62\conf\Catalina\localhost\MyWebDemo.xml] has been ignored
06-May-2022 03:15:59.701 INFO [http-nio-8080-exec-344] org.apache.jasper.servlet.TldScanner.scanJars At least one JAR was scanned for TLDs yet contained no TLDs. Enable debug logging for this logger for a complete list of JARs that were scanned but no TLDs were found in them. Skipping unneeded JARs during scanning can improve startup time and JSP compilation time.
06-May-2022 03:15:59.703 INFO [http-nio-8080-exec-344] org.apache.catalina.startup.HostConfig.deployDescriptor Deployment of deployment descriptor [C:\ApacheTomcat\apache-tomcat-9.0.62-windows-x64\apache-tomcat-9.0.62\conf\Catalina\localhost\MyWebDemo.xml] has finished in [59] ms
06-May-2022 03:15:59.704 INFO [http-nio-8080-exec-337] org.apache.catalina.util.LifecycleBase.start The start() method was called on component [StandardEngine[Catalina].StandardHost[localhost].StandardContext[/MyWebDemo]] after start() had already been called. The second call will be ignored.
06-May-2022 03:16:47.623 INFO [http-nio-8080-exec-345] org.apache.catalina.startup.HostConfig.undeploy Undeploying context [/MyWebDemo]
06-May-2022 03:16:48.141 INFO [Catalina-utility-2] org.apache.catalina.startup.HostConfig.undeploy Undeploying context [/MyWebDemo]
06-May-2022 03:16:48.154 INFO [http-nio-8080-exec-352] org.apache.catalina.startup.HostConfig.deployDescriptor Deploying deployment descriptor [C:\ApacheTomcat\apache-tomcat-9.0.62-windows-x64\apache-tomcat-9.0.62\conf\Catalina\localhost\MyWebDemo.xml]
06-May-2022 03:16:48.154 WARNING [http-nio-8080-exec-352] org.apache.catalina.startup.HostConfig.deployDescriptor The path attribute with value [/MyWebDemo] in deployment descriptor [C:\ApacheTomcat\apache-tomcat-9.0.62-windows-x64\apache-tomcat-9.0.62\conf\Catalina\localhost\MyWebDemo.xml] has been ignored
06-May-2022 03:16:48.212 INFO [http-nio-8080-exec-352] org.apache.jasper.servlet.TldScanner.scanJars At least one JAR was scanned for TLDs yet contained no TLDs. Enable debug logging for this logger for a complete list of JARs that were scanned but no TLDs were found in them. Skipping unneeded JARs during scanning can improve startup time and JSP compilation time.
06-May-2022 03:16:48.214 INFO [http-nio-8080-exec-352] org.apache.catalina.startup.HostConfig.deployDescriptor Deployment of deployment descriptor [C:\ApacheTomcat\apache-tomcat-9.0.62-windows-x64\apache-tomcat-9.0.62\conf\Catalina\localhost\MyWebDemo.xml] has finished in [60] ms
06-May-2022 03:16:48.215 INFO [http-nio-8080-exec-346] org.apache.catalina.util.LifecycleBase.start The start() method was called on component [StandardEngine[Catalina].StandardHost[localhost].StandardContext[/MyWebDemo]] after start() had already been called. The second call will be ignored.
06-May-2022 03:17:24.781 INFO [http-nio-8080-exec-349] org.apache.catalina.startup.HostConfig.undeploy Undeploying context [/MyWebDemo]
06-May-2022 03:17:24.794 INFO [http-nio-8080-exec-355] org.apache.catalina.startup.HostConfig.deployDescriptor Deploying deployment descriptor [C:\ApacheTomcat\apache-tomcat-9.0.62-windows-x64\apache-tomcat-9.0.62\conf\Catalina\localhost\MyWebDemo.xml]
06-May-2022 03:17:24.795 WARNING [http-nio-8080-exec-355] org.apache.catalina.startup.HostConfig.deployDescriptor The path attribute with value [/MyWebDemo] in deployment descriptor [C:\ApacheTomcat\apache-tomcat-9.0.62-windows-x64\apache-tomcat-9.0.62\conf\Catalina\localhost\MyWebDemo.xml] has been ignored
06-May-2022 03:17:24.852 INFO [http-nio-8080-exec-355] org.apache.jasper.servlet.TldScanner.scanJars At least one JAR was scanned for TLDs yet contained no TLDs. Enable debug logging for this logger for a complete list of JARs that were scanned but no TLDs were found in them. Skipping unneeded JARs during scanning can improve startup time and JSP compilation time.
06-May-2022 03:17:24.854 INFO [http-nio-8080-exec-355] org.apache.catalina.startup.HostConfig.deployDescriptor Deployment of deployment descriptor [C:\ApacheTomcat\apache-tomcat-9.0.62-windows-x64\apache-tomcat-9.0.62\conf\Catalina\localhost\MyWebDemo.xml] has finished in [59] ms
06-May-2022 03:17:24.855 INFO [http-nio-8080-exec-354] org.apache.catalina.util.LifecycleBase.start The start() method was called on component [StandardEngine[Catalina].StandardHost[localhost].StandardContext[/MyWebDemo]] after start() had already been called. The second call will be ignored.
06-May-2022 03:18:20.217 INFO [http-nio-8080-exec-358] org.apache.catalina.startup.HostConfig.undeploy Undeploying context [/MyWebDemo]
06-May-2022 03:18:20.230 INFO [http-nio-8080-exec-344] org.apache.catalina.startup.HostConfig.deployDescriptor Deploying deployment descriptor [C:\ApacheTomcat\apache-tomcat-9.0.62-windows-x64\apache-tomcat-9.0.62\conf\Catalina\localhost\MyWebDemo.xml]
06-May-2022 03:18:20.231 WARNING [http-nio-8080-exec-344] org.apache.catalina.startup.HostConfig.deployDescriptor The path attribute with value [/MyWebDemo] in deployment descriptor [C:\ApacheTomcat\apache-tomcat-9.0.62-windows-x64\apache-tomcat-9.0.62\conf\Catalina\localhost\MyWebDemo.xml] has been ignored
06-May-2022 03:18:20.300 INFO [http-nio-8080-exec-344] org.apache.jasper.servlet.TldScanner.scanJars At least one JAR was scanned for TLDs yet contained no TLDs. Enable debug logging for this logger for a complete list of JARs that were scanned but no TLDs were found in them. Skipping unneeded JARs during scanning can improve startup time and JSP compilation time.
06-May-2022 03:18:20.302 INFO [http-nio-8080-exec-344] org.apache.catalina.startup.HostConfig.deployDescriptor Deployment of deployment descriptor [C:\ApacheTomcat\apache-tomcat-9.0.62-windows-x64\apache-tomcat-9.0.62\conf\Catalina\localhost\MyWebDemo.xml] has finished in [72] ms
06-May-2022 03:18:20.304 INFO [http-nio-8080-exec-359] org.apache.catalina.util.LifecycleBase.start The start() method was called on component [StandardEngine[Catalina].StandardHost[localhost].StandardContext[/MyWebDemo]] after start() had already been called. The second call will be ignored.
06-May-2022 03:19:12.281 INFO [http-nio-8080-exec-370] org.apache.catalina.core.StandardContext.reload Reloading Context with name [/MyWebDemo] has started
06-May-2022 03:19:12.338 INFO [http-nio-8080-exec-370] org.apache.jasper.servlet.TldScanner.scanJars At least one JAR was scanned for TLDs yet contained no TLDs. Enable debug logging for this logger for a complete list of JARs that were scanned but no TLDs were found in them. Skipping unneeded JARs during scanning can improve startup time and JSP compilation time.
06-May-2022 03:19:12.342 INFO [http-nio-8080-exec-370] org.apache.catalina.core.StandardContext.reload Reloading Context with name [/MyWebDemo] is completed
06-May-2022 03:19:26.674 INFO [http-nio-8080-exec-371] org.apache.catalina.startup.HostConfig.undeploy Undeploying context [/MyWebDemo]
06-May-2022 03:19:26.686 INFO [http-nio-8080-exec-365] org.apache.catalina.startup.HostConfig.deployDescriptor Deploying deployment descriptor [C:\ApacheTomcat\apache-tomcat-9.0.62-windows-x64\apache-tomcat-9.0.62\conf\Catalina\localhost\MyWebDemo.xml]
06-May-2022 03:19:26.686 WARNING [http-nio-8080-exec-365] org.apache.catalina.startup.HostConfig.deployDescriptor The path attribute with value [/MyWebDemo] in deployment descriptor [C:\ApacheTomcat\apache-tomcat-9.0.62-windows-x64\apache-tomcat-9.0.62\conf\Catalina\localhost\MyWebDemo.xml] has been ignored
06-May-2022 03:19:26.744 INFO [http-nio-8080-exec-365] org.apache.jasper.servlet.TldScanner.scanJars At least one JAR was scanned for TLDs yet contained no TLDs. Enable debug logging for this logger for a complete list of JARs that were scanned but no TLDs were found in them. Skipping unneeded JARs during scanning can improve startup time and JSP compilation time.
06-May-2022 03:19:26.745 INFO [http-nio-8080-exec-365] org.apache.catalina.startup.HostConfig.deployDescriptor Deployment of deployment descriptor [C:\ApacheTomcat\apache-tomcat-9.0.62-windows-x64\apache-tomcat-9.0.62\conf\Catalina\localhost\MyWebDemo.xml] has finished in [59] ms
06-May-2022 03:19:26.747 INFO [http-nio-8080-exec-367] org.apache.catalina.util.LifecycleBase.start The start() method was called on component [StandardEngine[Catalina].StandardHost[localhost].StandardContext[/MyWebDemo]] after start() had already been called. The second call will be ignored.
06-May-2022 03:19:59.169 INFO [http-nio-8080-exec-368] org.apache.catalina.startup.HostConfig.undeploy Undeploying context [/MyWebDemo]
06-May-2022 03:19:59.181 INFO [http-nio-8080-exec-379] org.apache.catalina.startup.HostConfig.deployDescriptor Deploying deployment descriptor [C:\ApacheTomcat\apache-tomcat-9.0.62-windows-x64\apache-tomcat-9.0.62\conf\Catalina\localhost\MyWebDemo.xml]
06-May-2022 03:19:59.182 WARNING [http-nio-8080-exec-379] org.apache.catalina.startup.HostConfig.deployDescriptor The path attribute with value [/MyWebDemo] in deployment descriptor [C:\ApacheTomcat\apache-tomcat-9.0.62-windows-x64\apache-tomcat-9.0.62\conf\Catalina\localhost\MyWebDemo.xml] has been ignored
06-May-2022 03:19:59.238 INFO [http-nio-8080-exec-379] org.apache.jasper.servlet.TldScanner.scanJars At least one JAR was scanned for TLDs yet contained no TLDs. Enable debug logging for this logger for a complete list of JARs that were scanned but no TLDs were found in them. Skipping unneeded JARs during scanning can improve startup time and JSP compilation time.
06-May-2022 03:19:59.240 INFO [http-nio-8080-exec-379] org.apache.catalina.startup.HostConfig.deployDescriptor Deployment of deployment descriptor [C:\ApacheTomcat\apache-tomcat-9.0.62-windows-x64\apache-tomcat-9.0.62\conf\Catalina\localhost\MyWebDemo.xml] has finished in [59] ms
06-May-2022 03:19:59.241 INFO [http-nio-8080-exec-373] org.apache.catalina.util.LifecycleBase.start The start() method was called on component [StandardEngine[Catalina].StandardHost[localhost].StandardContext[/MyWebDemo]] after start() had already been called. The second call will be ignored.
06-May-2022 03:20:38.698 INFO [http-nio-8080-exec-374] org.apache.catalina.core.StandardContext.reload Reloading Context with name [/MyWebDemo] has started
06-May-2022 03:20:38.762 INFO [http-nio-8080-exec-374] org.apache.jasper.servlet.TldScanner.scanJars At least one JAR was scanned for TLDs yet contained no TLDs. Enable debug logging for this logger for a complete list of JARs that were scanned but no TLDs were found in them. Skipping unneeded JARs during scanning can improve startup time and JSP compilation time.
06-May-2022 03:20:38.766 INFO [http-nio-8080-exec-374] org.apache.catalina.core.StandardContext.reload Reloading Context with name [/MyWebDemo] is completed
06-May-2022 03:20:46.247 INFO [http-nio-8080-exec-374] org.apache.catalina.startup.HostConfig.undeploy Undeploying context [/MyWebDemo]
06-May-2022 03:20:46.257 INFO [http-nio-8080-exec-384] org.apache.catalina.startup.HostConfig.deployDescriptor Deploying deployment descriptor [C:\ApacheTomcat\apache-tomcat-9.0.62-windows-x64\apache-tomcat-9.0.62\conf\Catalina\localhost\MyWebDemo.xml]
06-May-2022 03:20:46.257 WARNING [http-nio-8080-exec-384] org.apache.catalina.startup.HostConfig.deployDescriptor The path attribute with value [/MyWebDemo] in deployment descriptor [C:\ApacheTomcat\apache-tomcat-9.0.62-windows-x64\apache-tomcat-9.0.62\conf\Catalina\localhost\MyWebDemo.xml] has been ignored
06-May-2022 03:20:46.312 INFO [http-nio-8080-exec-384] org.apache.jasper.servlet.TldScanner.scanJars At least one JAR was scanned for TLDs yet contained no TLDs. Enable debug logging for this logger for a complete list of JARs that were scanned but no TLDs were found in them. Skipping unneeded JARs during scanning can improve startup time and JSP compilation time.
06-May-2022 03:20:46.314 INFO [http-nio-8080-exec-384] org.apache.catalina.startup.HostConfig.deployDescriptor Deployment of deployment descriptor [C:\ApacheTomcat\apache-tomcat-9.0.62-windows-x64\apache-tomcat-9.0.62\conf\Catalina\localhost\MyWebDemo.xml] has finished in [57] ms
06-May-2022 03:20:46.315 INFO [http-nio-8080-exec-386] org.apache.catalina.util.LifecycleBase.start The start() method was called on component [StandardEngine[Catalina].StandardHost[localhost].StandardContext[/MyWebDemo]] after start() had already been called. The second call will be ignored.
06-May-2022 03:33:22.461 INFO [http-nio-8080-exec-390] org.apache.catalina.startup.HostConfig.undeploy Undeploying context [/MyWebDemo]
06-May-2022 03:33:22.476 INFO [http-nio-8080-exec-388] org.apache.catalina.startup.HostConfig.deployDescriptor Deploying deployment descriptor [C:\ApacheTomcat\apache-tomcat-9.0.62-windows-x64\apache-tomcat-9.0.62\conf\Catalina\localhost\MyWebDemo.xml]
06-May-2022 03:33:22.477 WARNING [http-nio-8080-exec-388] org.apache.catalina.startup.HostConfig.deployDescriptor The path attribute with value [/MyWebDemo] in deployment descriptor [C:\ApacheTomcat\apache-tomcat-9.0.62-windows-x64\apache-tomcat-9.0.62\conf\Catalina\localhost\MyWebDemo.xml] has been ignored
06-May-2022 03:33:22.532 INFO [http-nio-8080-exec-388] org.apache.jasper.servlet.TldScanner.scanJars At least one JAR was scanned for TLDs yet contained no TLDs. Enable debug logging for this logger for a complete list of JARs that were scanned but no TLDs were found in them. Skipping unneeded JARs during scanning can improve startup time and JSP compilation time.
06-May-2022 03:33:22.534 INFO [http-nio-8080-exec-388] org.apache.catalina.startup.HostConfig.deployDescriptor Deployment of deployment descriptor [C:\ApacheTomcat\apache-tomcat-9.0.62-windows-x64\apache-tomcat-9.0.62\conf\Catalina\localhost\MyWebDemo.xml] has finished in [58] ms
06-May-2022 03:33:22.535 INFO [http-nio-8080-exec-394] org.apache.catalina.util.LifecycleBase.start The start() method was called on component [StandardEngine[Catalina].StandardHost[localhost].StandardContext[/MyWebDemo]] after start() had already been called. The second call will be ignored.
06-May-2022 03:33:36.944 INFO [http-nio-8080-exec-396] org.apache.catalina.startup.HostConfig.undeploy Undeploying context [/MyWebDemo]
06-May-2022 03:33:36.957 INFO [http-nio-8080-exec-395] org.apache.catalina.startup.HostConfig.deployDescriptor Deploying deployment descriptor [C:\ApacheTomcat\apache-tomcat-9.0.62-windows-x64\apache-tomcat-9.0.62\conf\Catalina\localhost\MyWebDemo.xml]
06-May-2022 03:33:36.958 WARNING [http-nio-8080-exec-395] org.apache.catalina.startup.HostConfig.deployDescriptor The path attribute with value [/MyWebDemo] in deployment descriptor [C:\ApacheTomcat\apache-tomcat-9.0.62-windows-x64\apache-tomcat-9.0.62\conf\Catalina\localhost\MyWebDemo.xml] has been ignored
06-May-2022 03:33:37.014 INFO [http-nio-8080-exec-395] org.apache.jasper.servlet.TldScanner.scanJars At least one JAR was scanned for TLDs yet contained no TLDs. Enable debug logging for this logger for a complete list of JARs that were scanned but no TLDs were found in them. Skipping unneeded JARs during scanning can improve startup time and JSP compilation time.
06-May-2022 03:33:37.016 INFO [http-nio-8080-exec-395] org.apache.catalina.startup.HostConfig.deployDescriptor Deployment of deployment descriptor [C:\ApacheTomcat\apache-tomcat-9.0.62-windows-x64\apache-tomcat-9.0.62\conf\Catalina\localhost\MyWebDemo.xml] has finished in [58] ms
06-May-2022 03:33:37.017 INFO [http-nio-8080-exec-394] org.apache.catalina.util.LifecycleBase.start The start() method was called on component [StandardEngine[Catalina].StandardHost[localhost].StandardContext[/MyWebDemo]] after start() had already been called. The second call will be ignored.
06-May-2022 03:33:56.907 INFO [http-nio-8080-exec-394] org.apache.catalina.core.StandardContext.reload Reloading Context with name [/MyWebDemo] has started
06-May-2022 03:33:56.963 INFO [http-nio-8080-exec-394] org.apache.jasper.servlet.TldScanner.scanJars At least one JAR was scanned for TLDs yet contained no TLDs. Enable debug logging for this logger for a complete list of JARs that were scanned but no TLDs were found in them. Skipping unneeded JARs during scanning can improve startup time and JSP compilation time.
06-May-2022 03:33:56.967 INFO [http-nio-8080-exec-394] org.apache.catalina.core.StandardContext.reload Reloading Context with name [/MyWebDemo] is completed
06-May-2022 03:34:00.349 INFO [http-nio-8080-exec-400] org.apache.catalina.startup.HostConfig.undeploy Undeploying context [/MyWebDemo]
06-May-2022 03:34:00.361 INFO [http-nio-8080-exec-394] org.apache.catalina.startup.HostConfig.deployDescriptor Deploying deployment descriptor [C:\ApacheTomcat\apache-tomcat-9.0.62-windows-x64\apache-tomcat-9.0.62\conf\Catalina\localhost\MyWebDemo.xml]
06-May-2022 03:34:00.362 WARNING [http-nio-8080-exec-394] org.apache.catalina.startup.HostConfig.deployDescriptor The path attribute with value [/MyWebDemo] in deployment descriptor [C:\ApacheTomcat\apache-tomcat-9.0.62-windows-x64\apache-tomcat-9.0.62\conf\Catalina\localhost\MyWebDemo.xml] has been ignored
06-May-2022 03:34:00.416 INFO [http-nio-8080-exec-394] org.apache.jasper.servlet.TldScanner.scanJars At least one JAR was scanned for TLDs yet contained no TLDs. Enable debug logging for this logger for a complete list of JARs that were scanned but no TLDs were found in them. Skipping unneeded JARs during scanning can improve startup time and JSP compilation time.
06-May-2022 03:34:00.417 INFO [http-nio-8080-exec-394] org.apache.catalina.startup.HostConfig.deployDescriptor Deployment of deployment descriptor [C:\ApacheTomcat\apache-tomcat-9.0.62-windows-x64\apache-tomcat-9.0.62\conf\Catalina\localhost\MyWebDemo.xml] has finished in [56] ms
06-May-2022 03:34:00.419 INFO [http-nio-8080-exec-396] org.apache.catalina.util.LifecycleBase.start The start() method was called on component [StandardEngine[Catalina].StandardHost[localhost].StandardContext[/MyWebDemo]] after start() had already been called. The second call will be ignored.
06-May-2022 03:34:15.251 INFO [http-nio-8080-exec-400] org.apache.catalina.core.StandardContext.reload Reloading Context with name [/MyWebDemo] has started
06-May-2022 03:34:15.308 INFO [http-nio-8080-exec-400] org.apache.jasper.servlet.TldScanner.scanJars At least one JAR was scanned for TLDs yet contained no TLDs. Enable debug logging for this logger for a complete list of JARs that were scanned but no TLDs were found in them. Skipping unneeded JARs during scanning can improve startup time and JSP compilation time.
06-May-2022 03:34:15.312 INFO [http-nio-8080-exec-400] org.apache.catalina.core.StandardContext.reload Reloading Context with name [/MyWebDemo] is completed
06-May-2022 15:18:48.813 INFO [http-nio-8080-exec-417] org.apache.catalina.startup.HostConfig.undeploy Undeploying context [/MyWebDemo]
06-May-2022 15:18:48.840 INFO [http-nio-8080-exec-412] org.apache.catalina.startup.HostConfig.deployDescriptor Deploying deployment descriptor [C:\ApacheTomcat\apache-tomcat-9.0.62-windows-x64\apache-tomcat-9.0.62\conf\Catalina\localhost\MyWebDemo.xml]
06-May-2022 15:18:48.844 WARNING [http-nio-8080-exec-412] org.apache.catalina.startup.HostConfig.deployDescriptor The path attribute with value [/MyWebDemo] in deployment descriptor [C:\ApacheTomcat\apache-tomcat-9.0.62-windows-x64\apache-tomcat-9.0.62\conf\Catalina\localhost\MyWebDemo.xml] has been ignored
06-May-2022 15:18:48.916 INFO [http-nio-8080-exec-412] org.apache.jasper.servlet.TldScanner.scanJars At least one JAR was scanned for TLDs yet contained no TLDs. Enable debug logging for this logger for a complete list of JARs that were scanned but no TLDs were found in them. Skipping unneeded JARs during scanning can improve startup time and JSP compilation time.
06-May-2022 15:18:48.919 INFO [http-nio-8080-exec-412] org.apache.catalina.startup.HostConfig.deployDescriptor Deployment of deployment descriptor [C:\ApacheTomcat\apache-tomcat-9.0.62-windows-x64\apache-tomcat-9.0.62\conf\Catalina\localhost\MyWebDemo.xml] has finished in [78] ms
06-May-2022 15:18:48.920 INFO [http-nio-8080-exec-415] org.apache.catalina.util.LifecycleBase.start The start() method was called on component [StandardEngine[Catalina].StandardHost[localhost].StandardContext[/MyWebDemo]] after start() had already been called. The second call will be ignored.
06-May-2022 15:18:56.517 INFO [http-nio-8080-exec-409] org.apache.catalina.startup.HostConfig.undeploy Undeploying context [/MyWebDemo]
06-May-2022 15:18:56.525 INFO [http-nio-8080-exec-412] org.apache.catalina.startup.HostConfig.deployDescriptor Deploying deployment descriptor [C:\ApacheTomcat\apache-tomcat-9.0.62-windows-x64\apache-tomcat-9.0.62\conf\Catalina\localhost\MyWebDemo.xml]
06-May-2022 15:18:56.525 WARNING [http-nio-8080-exec-412] org.apache.catalina.startup.HostConfig.deployDescriptor The path attribute with value [/MyWebDemo] in deployment descriptor [C:\ApacheTomcat\apache-tomcat-9.0.62-windows-x64\apache-tomcat-9.0.62\conf\Catalina\localhost\MyWebDemo.xml] has been ignored
06-May-2022 15:18:56.582 INFO [http-nio-8080-exec-412] org.apache.jasper.servlet.TldScanner.scanJars At least one JAR was scanned for TLDs yet contained no TLDs. Enable debug logging for this logger for a complete list of JARs that were scanned but no TLDs were found in them. Skipping unneeded JARs during scanning can improve startup time and JSP compilation time.
06-May-2022 15:18:56.584 INFO [http-nio-8080-exec-412] org.apache.catalina.startup.HostConfig.deployDescriptor Deployment of deployment descriptor [C:\ApacheTomcat\apache-tomcat-9.0.62-windows-x64\apache-tomcat-9.0.62\conf\Catalina\localhost\MyWebDemo.xml] has finished in [59] ms
06-May-2022 15:18:56.585 INFO [http-nio-8080-exec-415] org.apache.catalina.util.LifecycleBase.start The start() method was called on component [StandardEngine[Catalina].StandardHost[localhost].StandardContext[/MyWebDemo]] after start() had already been called. The second call will be ignored.
