17-May-2022 16:50:32.668 INFO [http-nio-8080-exec-4] org.apache.catalina.core.ApplicationContext.log Manager: init: Associated with Deployer 'Catalina:type=Deployer,host=localhost'
17-May-2022 16:50:32.668 INFO [http-nio-8080-exec-4] org.apache.catalina.core.ApplicationContext.log Manager: init: Global resources are available
17-May-2022 16:50:32.678 INFO [http-nio-8080-exec-7] org.apache.catalina.core.ApplicationContext.log Manager: list: Listing contexts for virtual host 'localhost'
17-May-2022 16:50:32.680 INFO [http-nio-8080-exec-8] org.apache.catalina.core.ApplicationContext.log Manager: list: Listing contexts for virtual host 'localhost'
17-May-2022 16:50:36.160 INFO [http-nio-8080-exec-9] org.apache.catalina.core.ApplicationContext.log Manager: list: Listing contexts for virtual host 'localhost'
17-May-2022 16:50:36.161 INFO [http-nio-8080-exec-1] org.apache.catalina.core.ApplicationContext.log Manager: list: Listing contexts for virtual host 'localhost'
17-May-2022 16:50:36.168 INFO [http-nio-8080-exec-6] org.apache.catalina.core.ApplicationContext.log Manager: install: Installing context configuration at 'file:/C:/Users/jesus/AppData/Local/Temp/context5430957305498304073.xml'
17-May-2022 16:50:36.191 INFO [http-nio-8080-exec-7] org.apache.catalina.core.ApplicationContext.log Manager: start: Starting web application '/FinalProjectApp'
17-May-2022 16:50:36.230 INFO [http-nio-8080-exec-2] org.apache.catalina.core.ApplicationContext.log Manager: list: Listing contexts for virtual host 'localhost'
17-May-2022 16:50:36.231 INFO [http-nio-8080-exec-4] org.apache.catalina.core.ApplicationContext.log Manager: list: Listing contexts for virtual host 'localhost'
17-May-2022 16:50:36.234 INFO [http-nio-8080-exec-5] org.apache.catalina.core.ApplicationContext.log Manager: undeploy: Undeploying web application at '/FinalProjectApp'
17-May-2022 16:50:36.759 INFO [http-nio-8080-exec-9] org.apache.catalina.core.ApplicationContext.log Manager: install: Installing context configuration at 'file:/C:/Users/jesus/AppData/Local/Temp/context2698065649684906438.xml'
17-May-2022 16:50:36.780 INFO [http-nio-8080-exec-3] org.apache.catalina.core.ApplicationContext.log Manager: start: Starting web application '/FinalProjectApp'
17-May-2022 16:53:41.588 INFO [http-nio-8080-exec-4] org.apache.catalina.core.ApplicationContext.log Manager: init: Associated with Deployer 'Catalina:type=Deployer,host=localhost'
17-May-2022 16:53:41.588 INFO [http-nio-8080-exec-4] org.apache.catalina.core.ApplicationContext.log Manager: init: Global resources are available
17-May-2022 16:53:41.599 INFO [http-nio-8080-exec-7] org.apache.catalina.core.ApplicationContext.log Manager: list: Listing contexts for virtual host 'localhost'
17-May-2022 16:53:41.606 INFO [http-nio-8080-exec-8] org.apache.catalina.core.ApplicationContext.log Manager: undeploy: Undeploying web application at '/FinalProjectApp'
17-May-2022 16:53:42.131 INFO [http-nio-8080-exec-1] org.apache.catalina.core.ApplicationContext.log Manager: install: Installing context configuration at 'file:/C:/Users/jesus/AppData/Local/Temp/context7257486280591511937.xml'
17-May-2022 16:53:42.154 INFO [http-nio-8080-exec-7] org.apache.catalina.core.ApplicationContext.log Manager: start: Starting web application '/FinalProjectApp'
17-May-2022 16:54:07.153 INFO [http-nio-8080-exec-4] org.apache.catalina.core.ApplicationContext.log Manager: list: Listing contexts for virtual host 'localhost'
17-May-2022 16:54:07.155 INFO [http-nio-8080-exec-6] org.apache.catalina.core.ApplicationContext.log Manager: list: Listing contexts for virtual host 'localhost'
17-May-2022 16:54:07.161 INFO [http-nio-8080-exec-11] org.apache.catalina.core.ApplicationContext.log Manager: undeploy: Undeploying web application at '/FinalProjectApp'
17-May-2022 16:54:07.680 INFO [http-nio-8080-exec-10] org.apache.catalina.core.ApplicationContext.log Manager: install: Installing context configuration at 'file:/C:/Users/jesus/AppData/Local/Temp/context7244967040892390885.xml'
17-May-2022 16:54:07.700 INFO [http-nio-8080-exec-13] org.apache.catalina.core.ApplicationContext.log Manager: start: Starting web application '/FinalProjectApp'
17-May-2022 16:56:13.773 INFO [http-nio-8080-exec-13] org.apache.catalina.core.ApplicationContext.log Manager: list: Listing contexts for virtual host 'localhost'
17-May-2022 16:56:13.774 INFO [http-nio-8080-exec-9] org.apache.catalina.core.ApplicationContext.log Manager: list: Listing contexts for virtual host 'localhost'
17-May-2022 16:56:52.372 INFO [http-nio-8080-exec-21] org.apache.catalina.core.ApplicationContext.log Manager: list: Listing contexts for virtual host 'localhost'
17-May-2022 16:56:52.375 INFO [http-nio-8080-exec-18] org.apache.catalina.core.ApplicationContext.log Manager: list: Listing contexts for virtual host 'localhost'
17-May-2022 16:56:56.264 INFO [http-nio-8080-exec-9] org.apache.catalina.core.ApplicationContext.log Manager: list: Listing contexts for virtual host 'localhost'
17-May-2022 16:56:56.267 INFO [http-nio-8080-exec-5] org.apache.catalina.core.ApplicationContext.log Manager: list: Listing contexts for virtual host 'localhost'
17-May-2022 16:56:56.272 INFO [http-nio-8080-exec-17] org.apache.catalina.core.ApplicationContext.log Manager: install: Installing context configuration at 'file:/C:/Users/jesus/AppData/Local/Temp/context8876692421100097610.xml'
17-May-2022 16:56:56.294 INFO [http-nio-8080-exec-19] org.apache.catalina.core.ApplicationContext.log Manager: start: Starting web application '/FinalProject-RestaurantMap'
17-May-2022 16:56:56.336 INFO [http-nio-8080-exec-9] org.apache.catalina.core.ApplicationContext.log Manager: list: Listing contexts for virtual host 'localhost'
17-May-2022 16:56:56.337 INFO [http-nio-8080-exec-5] org.apache.catalina.core.ApplicationContext.log Manager: list: Listing contexts for virtual host 'localhost'
17-May-2022 16:56:56.341 INFO [http-nio-8080-exec-17] org.apache.catalina.core.ApplicationContext.log Manager: undeploy: Undeploying web application at '/FinalProject-RestaurantMap'
17-May-2022 16:56:56.861 INFO [http-nio-8080-exec-21] org.apache.catalina.core.ApplicationContext.log Manager: install: Installing context configuration at 'file:/C:/Users/jesus/AppData/Local/Temp/context9162005196527228869.xml'
17-May-2022 16:56:56.888 INFO [http-nio-8080-exec-3] org.apache.catalina.core.ApplicationContext.log Manager: start: Starting web application '/FinalProject-RestaurantMap'
17-May-2022 16:58:32.845 INFO [http-nio-8080-exec-24] org.apache.catalina.core.ApplicationContext.log Manager: list: Listing contexts for virtual host 'localhost'
17-May-2022 16:58:34.074 INFO [http-nio-8080-exec-28] org.apache.catalina.core.ApplicationContext.log Manager: list: Listing contexts for virtual host 'localhost'
17-May-2022 16:58:49.809 INFO [http-nio-8080-exec-23] org.apache.catalina.core.ApplicationContext.log Manager: list: Listing contexts for virtual host 'localhost'
17-May-2022 16:59:05.433 INFO [http-nio-8080-exec-5] org.apache.catalina.core.ApplicationContext.log Manager: list: Listing contexts for virtual host 'localhost'
17-May-2022 16:59:05.746 INFO [http-nio-8080-exec-23] org.apache.catalina.core.ApplicationContext.log Manager: list: Listing contexts for virtual host 'localhost'
17-May-2022 16:59:52.734 INFO [http-nio-8080-exec-27] org.apache.catalina.core.ApplicationContext.log Manager: list: Listing contexts for virtual host 'localhost'
17-May-2022 17:00:02.696 INFO [http-nio-8080-exec-28] org.apache.catalina.core.ApplicationContext.log Manager: list: Listing contexts for virtual host 'localhost'
17-May-2022 17:00:03.008 INFO [http-nio-8080-exec-27] org.apache.catalina.core.ApplicationContext.log Manager: list: Listing contexts for virtual host 'localhost'
17-May-2022 17:00:16.245 INFO [http-nio-8080-exec-29] org.apache.catalina.core.ApplicationContext.log Manager: list: Listing contexts for virtual host 'localhost'
17-May-2022 17:00:16.257 INFO [http-nio-8080-exec-32] org.apache.catalina.core.ApplicationContext.log Manager: list: Listing contexts for virtual host 'localhost'
17-May-2022 17:00:21.903 INFO [http-nio-8080-exec-28] org.apache.catalina.core.ApplicationContext.log Manager: list: Listing contexts for virtual host 'localhost'
17-May-2022 17:00:37.589 INFO [http-nio-8080-exec-24] org.apache.catalina.core.ApplicationContext.log Manager: list: Listing contexts for virtual host 'localhost'
17-May-2022 17:00:42.454 INFO [http-nio-8080-exec-27] org.apache.catalina.core.ApplicationContext.log Manager: list: Listing contexts for virtual host 'localhost'
17-May-2022 17:00:42.455 INFO [http-nio-8080-exec-26] org.apache.catalina.core.ApplicationContext.log Manager: list: Listing contexts for virtual host 'localhost'
17-May-2022 17:00:42.457 INFO [http-nio-8080-exec-31] org.apache.catalina.core.ApplicationContext.log Manager: undeploy: Undeploying web application at '/FinalProject-RestaurantMap'
17-May-2022 17:00:42.979 INFO [http-nio-8080-exec-28] org.apache.catalina.core.ApplicationContext.log Manager: install: Installing context configuration at 'file:/C:/Users/jesus/AppData/Local/Temp/context6563564650327023011.xml'
17-May-2022 17:00:42.998 INFO [http-nio-8080-exec-30] org.apache.catalina.core.ApplicationContext.log Manager: start: Starting web application '/FinalProject-RestaurantMap'
17-May-2022 17:00:50.433 INFO [http-nio-8080-exec-24] org.apache.catalina.core.ApplicationContext.log Manager: list: Listing contexts for virtual host 'localhost'
17-May-2022 17:00:52.010 INFO [http-nio-8080-exec-27] org.apache.catalina.core.ApplicationContext.log Manager: list: Listing contexts for virtual host 'localhost'
17-May-2022 17:00:52.011 INFO [http-nio-8080-exec-28] org.apache.catalina.core.ApplicationContext.log Manager: list: Listing contexts for virtual host 'localhost'
17-May-2022 17:00:52.014 INFO [http-nio-8080-exec-32] org.apache.catalina.core.ApplicationContext.log Manager: undeploy: Undeploying web application at '/FinalProject-RestaurantMap'
17-May-2022 17:00:52.533 INFO [http-nio-8080-exec-25] org.apache.catalina.core.ApplicationContext.log Manager: install: Installing context configuration at 'file:/C:/Users/jesus/AppData/Local/Temp/context4024664305007751781.xml'
17-May-2022 17:00:52.552 INFO [http-nio-8080-exec-28] org.apache.catalina.core.ApplicationContext.log Manager: start: Starting web application '/FinalProject-RestaurantMap'
17-May-2022 17:01:02.283 INFO [http-nio-8080-exec-32] org.apache.catalina.core.ApplicationContext.log Manager: list: Listing contexts for virtual host 'localhost'
17-May-2022 17:01:04.042 INFO [http-nio-8080-exec-37] org.apache.catalina.core.ApplicationContext.log Manager: list: Listing contexts for virtual host 'localhost'
17-May-2022 17:01:04.043 INFO [http-nio-8080-exec-25] org.apache.catalina.core.ApplicationContext.log Manager: list: Listing contexts for virtual host 'localhost'
17-May-2022 17:01:04.046 INFO [http-nio-8080-exec-33] org.apache.catalina.core.ApplicationContext.log Manager: undeploy: Undeploying web application at '/FinalProject-RestaurantMap'
17-May-2022 17:01:04.571 INFO [http-nio-8080-exec-28] org.apache.catalina.core.ApplicationContext.log Manager: install: Installing context configuration at 'file:/C:/Users/jesus/AppData/Local/Temp/context17941924840841711743.xml'
17-May-2022 17:01:04.590 INFO [http-nio-8080-exec-32] org.apache.catalina.core.ApplicationContext.log Manager: start: Starting web application '/FinalProject-RestaurantMap'
17-May-2022 17:01:20.659 INFO [http-nio-8080-exec-33] org.apache.catalina.core.ApplicationContext.log Manager: list: Listing contexts for virtual host 'localhost'
17-May-2022 17:02:05.566 INFO [http-nio-8080-exec-25] org.apache.catalina.core.ApplicationContext.log Manager: list: Listing contexts for virtual host 'localhost'
17-May-2022 17:02:05.880 INFO [http-nio-8080-exec-33] org.apache.catalina.core.ApplicationContext.log Manager: list: Listing contexts for virtual host 'localhost'
17-May-2022 17:02:12.564 INFO [http-nio-8080-exec-41] org.apache.catalina.core.ApplicationContext.log Manager: list: Listing contexts for virtual host 'localhost'
17-May-2022 17:02:23.314 INFO [http-nio-8080-exec-32] org.apache.catalina.core.ApplicationContext.log Manager: list: Listing contexts for virtual host 'localhost'
17-May-2022 17:02:23.325 INFO [http-nio-8080-exec-43] org.apache.catalina.core.ApplicationContext.log Manager: list: Listing contexts for virtual host 'localhost'
17-May-2022 17:02:47.632 INFO [http-nio-8080-exec-40] org.apache.catalina.core.ApplicationContext.log Manager: list: Listing contexts for virtual host 'localhost'
17-May-2022 17:02:54.444 INFO [http-nio-8080-exec-40] org.apache.catalina.core.ApplicationContext.log Manager: list: Listing contexts for virtual host 'localhost'
17-May-2022 17:02:54.445 INFO [http-nio-8080-exec-32] org.apache.catalina.core.ApplicationContext.log Manager: list: Listing contexts for virtual host 'localhost'
17-May-2022 17:02:54.449 INFO [http-nio-8080-exec-38] org.apache.catalina.core.ApplicationContext.log Manager: undeploy: Undeploying web application at '/FinalProject-RestaurantMap'
17-May-2022 17:02:54.972 INFO [http-nio-8080-exec-32] org.apache.catalina.core.ApplicationContext.log Manager: install: Installing context configuration at 'file:/C:/Users/jesus/AppData/Local/Temp/context10805976974247371774.xml'
17-May-2022 17:02:54.993 INFO [http-nio-8080-exec-47] org.apache.catalina.core.ApplicationContext.log Manager: start: Starting web application '/FinalProject-RestaurantMap'
17-May-2022 17:03:47.957 INFO [http-nio-8080-exec-47] org.apache.catalina.core.ApplicationContext.log Manager: list: Listing contexts for virtual host 'localhost'
17-May-2022 17:03:47.980 INFO [http-nio-8080-exec-43] org.apache.catalina.core.ApplicationContext.log Manager: restart: Reloading web application '/FinalProject-RestaurantMap'
17-May-2022 17:03:48.190 INFO [http-nio-8080-exec-50] org.apache.catalina.core.ApplicationContext.log Manager: list: Listing contexts for virtual host 'localhost'
17-May-2022 17:03:48.204 INFO [http-nio-8080-exec-47] org.apache.catalina.core.ApplicationContext.log Manager: restart: Reloading web application '/FinalProject-RestaurantMap'
17-May-2022 17:04:17.436 INFO [http-nio-8080-exec-52] org.apache.catalina.core.ApplicationContext.log Manager: list: Listing contexts for virtual host 'localhost'
17-May-2022 17:04:17.448 INFO [http-nio-8080-exec-42] org.apache.catalina.core.ApplicationContext.log Manager: restart: Reloading web application '/FinalProject-RestaurantMap'
17-May-2022 17:04:20.086 INFO [http-nio-8080-exec-50] org.apache.catalina.core.ApplicationContext.log Manager: list: Listing contexts for virtual host 'localhost'
17-May-2022 17:04:20.086 INFO [http-nio-8080-exec-45] org.apache.catalina.core.ApplicationContext.log Manager: list: Listing contexts for virtual host 'localhost'
17-May-2022 17:04:20.089 INFO [http-nio-8080-exec-47] org.apache.catalina.core.ApplicationContext.log Manager: undeploy: Undeploying web application at '/FinalProject-RestaurantMap'
17-May-2022 17:04:20.606 INFO [http-nio-8080-exec-45] org.apache.catalina.core.ApplicationContext.log Manager: install: Installing context configuration at 'file:/C:/Users/jesus/AppData/Local/Temp/context7189974509670636613.xml'
17-May-2022 17:04:20.630 INFO [http-nio-8080-exec-50] org.apache.catalina.core.ApplicationContext.log Manager: start: Starting web application '/FinalProject-RestaurantMap'
17-May-2022 17:04:53.701 INFO [http-nio-8080-exec-51] org.apache.catalina.core.ApplicationContext.log Manager: list: Listing contexts for virtual host 'localhost'
17-May-2022 17:04:53.714 INFO [http-nio-8080-exec-50] org.apache.catalina.core.ApplicationContext.log Manager: restart: Reloading web application '/FinalProject-RestaurantMap'
17-May-2022 17:04:53.898 INFO [http-nio-8080-exec-56] org.apache.catalina.core.ApplicationContext.log Manager: list: Listing contexts for virtual host 'localhost'
17-May-2022 17:04:53.911 INFO [http-nio-8080-exec-58] org.apache.catalina.core.ApplicationContext.log Manager: restart: Reloading web application '/FinalProject-RestaurantMap'
17-May-2022 17:05:03.870 INFO [http-nio-8080-exec-57] org.apache.catalina.core.ApplicationContext.log Manager: list: Listing contexts for virtual host 'localhost'
17-May-2022 17:05:03.880 INFO [http-nio-8080-exec-56] org.apache.catalina.core.ApplicationContext.log Manager: restart: Reloading web application '/FinalProject-RestaurantMap'
17-May-2022 17:05:07.582 INFO [http-nio-8080-exec-56] org.apache.catalina.core.ApplicationContext.log Manager: list: Listing contexts for virtual host 'localhost'
17-May-2022 17:05:07.582 INFO [http-nio-8080-exec-57] org.apache.catalina.core.ApplicationContext.log Manager: list: Listing contexts for virtual host 'localhost'
17-May-2022 17:05:07.586 INFO [http-nio-8080-exec-45] org.apache.catalina.core.ApplicationContext.log Manager: undeploy: Undeploying web application at '/FinalProject-RestaurantMap'
17-May-2022 17:05:08.100 INFO [http-nio-8080-exec-51] org.apache.catalina.core.ApplicationContext.log Manager: install: Installing context configuration at 'file:/C:/Users/jesus/AppData/Local/Temp/context289019553548751818.xml'
17-May-2022 17:05:08.125 INFO [http-nio-8080-exec-55] org.apache.catalina.core.ApplicationContext.log Manager: start: Starting web application '/FinalProject-RestaurantMap'
17-May-2022 17:05:45.208 INFO [http-nio-8080-exec-51] org.apache.catalina.core.ApplicationContext.log Manager: list: Listing contexts for virtual host 'localhost'
17-May-2022 17:05:50.641 INFO [http-nio-8080-exec-55] org.apache.catalina.core.ApplicationContext.log Manager: list: Listing contexts for virtual host 'localhost'
17-May-2022 17:05:50.641 INFO [http-nio-8080-exec-59] org.apache.catalina.core.ApplicationContext.log Manager: list: Listing contexts for virtual host 'localhost'
17-May-2022 17:05:50.644 INFO [http-nio-8080-exec-62] org.apache.catalina.core.ApplicationContext.log Manager: undeploy: Undeploying web application at '/FinalProject-RestaurantMap'
17-May-2022 17:05:51.682 INFO [http-nio-8080-exec-66] org.apache.catalina.core.ApplicationContext.log Manager: install: Installing context configuration at 'file:/C:/Users/jesus/AppData/Local/Temp/context9067901742138754726.xml'
17-May-2022 17:05:51.705 INFO [http-nio-8080-exec-51] org.apache.catalina.core.ApplicationContext.log Manager: start: Starting web application '/FinalProject-RestaurantMap'
