06-May-2022 01:41:20.517 INFO [http-nio-8080-exec-221] org.apache.catalina.core.ApplicationContext.log Manager: list: Listing contexts for virtual host 'localhost'
06-May-2022 01:41:20.517 INFO [http-nio-8080-exec-220] org.apache.catalina.core.ApplicationContext.log Manager: list: Listing contexts for virtual host 'localhost'
06-May-2022 01:41:20.526 INFO [http-nio-8080-exec-212] org.apache.catalina.core.ApplicationContext.log Manager: list: Listing contexts for virtual host 'localhost'
06-May-2022 01:41:20.601 INFO [http-nio-8080-exec-217] org.apache.catalina.core.ApplicationContext.log Manager: undeploy: Undeploying web application at '/MyWebDemo'
06-May-2022 01:41:21.209 INFO [http-nio-8080-exec-219] org.apache.catalina.core.ApplicationContext.log Manager: install: Installing context configuration at 'file:/C:/Users/jesus/AppData/Local/Temp/context1767390453526280889.xml'
06-May-2022 01:41:21.319 INFO [http-nio-8080-exec-218] org.apache.catalina.core.ApplicationContext.log Manager: start: Starting web application '/MyWebDemo'
06-May-2022 02:02:32.356 INFO [http-nio-8080-exec-224] org.apache.catalina.core.ApplicationContext.log Manager: list: Listing contexts for virtual host 'localhost'
06-May-2022 02:02:32.379 INFO [http-nio-8080-exec-225] org.apache.catalina.core.ApplicationContext.log Manager: restart: Reloading web application '/MyWebDemo'
06-May-2022 02:04:00.303 INFO [http-nio-8080-exec-229] org.apache.catalina.core.ApplicationContext.log Manager: list: Listing contexts for virtual host 'localhost'
06-May-2022 02:04:00.324 INFO [http-nio-8080-exec-234] org.apache.catalina.core.ApplicationContext.log Manager: restart: Reloading web application '/MyWebDemo'
06-May-2022 02:04:01.636 INFO [http-nio-8080-exec-227] org.apache.catalina.core.ApplicationContext.log Manager: list: Listing contexts for virtual host 'localhost'
06-May-2022 02:04:01.655 INFO [http-nio-8080-exec-223] org.apache.catalina.core.ApplicationContext.log Manager: restart: Reloading web application '/MyWebDemo'
06-May-2022 02:04:44.589 INFO [http-nio-8080-exec-222] org.apache.catalina.core.ApplicationContext.log Manager: list: Listing contexts for virtual host 'localhost'
06-May-2022 02:04:44.602 INFO [http-nio-8080-exec-233] org.apache.catalina.core.ApplicationContext.log Manager: restart: Reloading web application '/MyWebDemo'
06-May-2022 02:06:54.607 INFO [http-nio-8080-exec-236] org.apache.catalina.core.ApplicationContext.log Manager: list: Listing contexts for virtual host 'localhost'
06-May-2022 02:07:09.064 INFO [http-nio-8080-exec-232] org.apache.catalina.core.ApplicationContext.log Manager: list: Listing contexts for virtual host 'localhost'
06-May-2022 02:29:03.578 INFO [http-nio-8080-exec-239] org.apache.catalina.core.ApplicationContext.log Manager: list: Listing contexts for virtual host 'localhost'
06-May-2022 02:29:15.637 INFO [http-nio-8080-exec-237] org.apache.catalina.core.ApplicationContext.log Manager: list: Listing contexts for virtual host 'localhost'
06-May-2022 02:29:15.638 INFO [http-nio-8080-exec-241] org.apache.catalina.core.ApplicationContext.log Manager: list: Listing contexts for virtual host 'localhost'
06-May-2022 02:29:15.640 INFO [http-nio-8080-exec-242] org.apache.catalina.core.ApplicationContext.log Manager: undeploy: Undeploying web application at '/MyWebDemo'
06-May-2022 02:29:16.159 INFO [http-nio-8080-exec-246] org.apache.catalina.core.ApplicationContext.log Manager: install: Installing context configuration at 'file:/C:/Users/jesus/AppData/Local/Temp/context4681280407012941058.xml'
06-May-2022 02:29:16.186 INFO [http-nio-8080-exec-239] org.apache.catalina.core.ApplicationContext.log Manager: start: Starting web application '/MyWebDemo'
06-May-2022 02:29:43.262 INFO [http-nio-8080-exec-239] org.apache.catalina.core.ApplicationContext.log Manager: list: Listing contexts for virtual host 'localhost'
06-May-2022 02:29:45.474 INFO [http-nio-8080-exec-246] org.apache.catalina.core.ApplicationContext.log Manager: list: Listing contexts for virtual host 'localhost'
06-May-2022 02:29:45.474 INFO [http-nio-8080-exec-240] org.apache.catalina.core.ApplicationContext.log Manager: list: Listing contexts for virtual host 'localhost'
06-May-2022 02:29:45.477 INFO [http-nio-8080-exec-241] org.apache.catalina.core.ApplicationContext.log Manager: undeploy: Undeploying web application at '/MyWebDemo'
06-May-2022 02:29:45.995 INFO [http-nio-8080-exec-251] org.apache.catalina.core.ApplicationContext.log Manager: install: Installing context configuration at 'file:/C:/Users/jesus/AppData/Local/Temp/context15542394036779369067.xml'
06-May-2022 02:29:46.019 INFO [http-nio-8080-exec-243] org.apache.catalina.core.ApplicationContext.log Manager: start: Starting web application '/MyWebDemo'
06-May-2022 02:30:07.106 INFO [http-nio-8080-exec-251] org.apache.catalina.core.ApplicationContext.log Manager: list: Listing contexts for virtual host 'localhost'
06-May-2022 02:33:11.057 INFO [http-nio-8080-exec-253] org.apache.catalina.core.ApplicationContext.log Manager: list: Listing contexts for virtual host 'localhost'
06-May-2022 02:33:17.403 INFO [http-nio-8080-exec-243] org.apache.catalina.core.ApplicationContext.log Manager: list: Listing contexts for virtual host 'localhost'
06-May-2022 02:33:18.997 INFO [http-nio-8080-exec-254] org.apache.catalina.core.ApplicationContext.log Manager: list: Listing contexts for virtual host 'localhost'
06-May-2022 02:33:18.998 INFO [http-nio-8080-exec-252] org.apache.catalina.core.ApplicationContext.log Manager: list: Listing contexts for virtual host 'localhost'
06-May-2022 02:33:19.001 INFO [http-nio-8080-exec-253] org.apache.catalina.core.ApplicationContext.log Manager: undeploy: Undeploying web application at '/MyWebDemo'
06-May-2022 02:33:19.523 INFO [http-nio-8080-exec-259] org.apache.catalina.core.ApplicationContext.log Manager: install: Installing context configuration at 'file:/C:/Users/jesus/AppData/Local/Temp/context8982556484269857888.xml'
06-May-2022 02:33:19.546 INFO [http-nio-8080-exec-254] org.apache.catalina.core.ApplicationContext.log Manager: start: Starting web application '/MyWebDemo'
06-May-2022 02:39:43.965 INFO [http-nio-8080-exec-263] org.apache.catalina.core.ApplicationContext.log Manager: list: Listing contexts for virtual host 'localhost'
06-May-2022 02:39:51.038 INFO [http-nio-8080-exec-265] org.apache.catalina.core.ApplicationContext.log Manager: list: Listing contexts for virtual host 'localhost'
06-May-2022 02:39:51.039 INFO [http-nio-8080-exec-264] org.apache.catalina.core.ApplicationContext.log Manager: list: Listing contexts for virtual host 'localhost'
06-May-2022 02:39:51.041 INFO [http-nio-8080-exec-266] org.apache.catalina.core.ApplicationContext.log Manager: undeploy: Undeploying web application at '/MyWebDemo'
06-May-2022 02:39:51.561 INFO [http-nio-8080-exec-265] org.apache.catalina.core.ApplicationContext.log Manager: install: Installing context configuration at 'file:/C:/Users/jesus/AppData/Local/Temp/context1245349907439979720.xml'
06-May-2022 02:39:51.585 INFO [http-nio-8080-exec-261] org.apache.catalina.core.ApplicationContext.log Manager: start: Starting web application '/MyWebDemo'
06-May-2022 02:40:55.399 INFO [http-nio-8080-exec-272] org.apache.catalina.core.ApplicationContext.log Manager: list: Listing contexts for virtual host 'localhost'
06-May-2022 02:40:56.749 INFO [http-nio-8080-exec-273] org.apache.catalina.core.ApplicationContext.log Manager: list: Listing contexts for virtual host 'localhost'
06-May-2022 02:40:56.750 INFO [http-nio-8080-exec-274] org.apache.catalina.core.ApplicationContext.log Manager: list: Listing contexts for virtual host 'localhost'
06-May-2022 02:40:56.752 INFO [http-nio-8080-exec-276] org.apache.catalina.core.ApplicationContext.log Manager: undeploy: Undeploying web application at '/MyWebDemo'
06-May-2022 02:40:57.274 INFO [http-nio-8080-exec-272] org.apache.catalina.core.ApplicationContext.log Manager: install: Installing context configuration at 'file:/C:/Users/jesus/AppData/Local/Temp/context14598550318999826460.xml'
06-May-2022 02:40:57.296 INFO [http-nio-8080-exec-262] org.apache.catalina.core.ApplicationContext.log Manager: start: Starting web application '/MyWebDemo'
06-May-2022 02:44:44.388 INFO [http-nio-8080-exec-282] org.apache.catalina.core.ApplicationContext.log Manager: list: Listing contexts for virtual host 'localhost'
06-May-2022 02:44:50.869 INFO [http-nio-8080-exec-281] org.apache.catalina.core.ApplicationContext.log Manager: list: Listing contexts for virtual host 'localhost'
06-May-2022 02:44:50.869 INFO [http-nio-8080-exec-283] org.apache.catalina.core.ApplicationContext.log Manager: list: Listing contexts for virtual host 'localhost'
06-May-2022 02:44:50.872 INFO [http-nio-8080-exec-284] org.apache.catalina.core.ApplicationContext.log Manager: undeploy: Undeploying web application at '/MyWebDemo'
06-May-2022 02:44:51.397 INFO [http-nio-8080-exec-281] org.apache.catalina.core.ApplicationContext.log Manager: install: Installing context configuration at 'file:/C:/Users/jesus/AppData/Local/Temp/context11865064600875771086.xml'
06-May-2022 02:44:51.420 INFO [http-nio-8080-exec-282] org.apache.catalina.core.ApplicationContext.log Manager: start: Starting web application '/MyWebDemo'
06-May-2022 02:47:39.246 INFO [http-nio-8080-exec-292] org.apache.catalina.core.ApplicationContext.log Manager: list: Listing contexts for virtual host 'localhost'
06-May-2022 02:51:24.478 INFO [http-nio-8080-exec-289] org.apache.catalina.core.ApplicationContext.log Manager: list: Listing contexts for virtual host 'localhost'
06-May-2022 02:51:26.825 INFO [http-nio-8080-exec-291] org.apache.catalina.core.ApplicationContext.log Manager: list: Listing contexts for virtual host 'localhost'
06-May-2022 02:51:26.826 INFO [http-nio-8080-exec-292] org.apache.catalina.core.ApplicationContext.log Manager: list: Listing contexts for virtual host 'localhost'
06-May-2022 02:51:26.828 INFO [http-nio-8080-exec-294] org.apache.catalina.core.ApplicationContext.log Manager: undeploy: Undeploying web application at '/MyWebDemo'
06-May-2022 02:51:27.346 INFO [http-nio-8080-exec-292] org.apache.catalina.core.ApplicationContext.log Manager: install: Installing context configuration at 'file:/C:/Users/jesus/AppData/Local/Temp/context11510572399786100974.xml'
06-May-2022 02:51:27.367 INFO [http-nio-8080-exec-289] org.apache.catalina.core.ApplicationContext.log Manager: start: Starting web application '/MyWebDemo'
06-May-2022 02:51:50.724 INFO [http-nio-8080-exec-289] org.apache.catalina.core.ApplicationContext.log Manager: list: Listing contexts for virtual host 'localhost'
06-May-2022 02:51:55.037 INFO [http-nio-8080-exec-296] org.apache.catalina.core.ApplicationContext.log Manager: list: Listing contexts for virtual host 'localhost'
06-May-2022 02:51:55.038 INFO [http-nio-8080-exec-291] org.apache.catalina.core.ApplicationContext.log Manager: list: Listing contexts for virtual host 'localhost'
06-May-2022 02:51:55.040 INFO [http-nio-8080-exec-290] org.apache.catalina.core.ApplicationContext.log Manager: undeploy: Undeploying web application at '/MyWebDemo'
06-May-2022 02:51:55.559 INFO [http-nio-8080-exec-292] org.apache.catalina.core.ApplicationContext.log Manager: install: Installing context configuration at 'file:/C:/Users/jesus/AppData/Local/Temp/context10197511272628008467.xml'
06-May-2022 02:51:55.580 INFO [http-nio-8080-exec-301] org.apache.catalina.core.ApplicationContext.log Manager: start: Starting web application '/MyWebDemo'
06-May-2022 03:05:48.334 INFO [http-nio-8080-exec-306] org.apache.catalina.core.ApplicationContext.log Manager: list: Listing contexts for virtual host 'localhost'
06-May-2022 03:11:08.588 INFO [http-nio-8080-exec-304] org.apache.catalina.core.ApplicationContext.log Manager: list: Listing contexts for virtual host 'localhost'
06-May-2022 03:11:17.268 INFO [http-nio-8080-exec-312] org.apache.catalina.core.ApplicationContext.log Manager: list: Listing contexts for virtual host 'localhost'
06-May-2022 03:11:19.668 INFO [http-nio-8080-exec-311] org.apache.catalina.core.ApplicationContext.log Manager: list: Listing contexts for virtual host 'localhost'
06-May-2022 03:11:19.669 INFO [http-nio-8080-exec-310] org.apache.catalina.core.ApplicationContext.log Manager: list: Listing contexts for virtual host 'localhost'
06-May-2022 03:11:19.671 INFO [http-nio-8080-exec-305] org.apache.catalina.core.ApplicationContext.log Manager: undeploy: Undeploying web application at '/MyWebDemo'
06-May-2022 03:11:20.200 INFO [http-nio-8080-exec-312] org.apache.catalina.core.ApplicationContext.log Manager: install: Installing context configuration at 'file:/C:/Users/jesus/AppData/Local/Temp/context7033847833618851376.xml'
06-May-2022 03:11:20.275 INFO [http-nio-8080-exec-308] org.apache.catalina.core.ApplicationContext.log Manager: start: Starting web application '/MyWebDemo'
06-May-2022 03:12:40.369 INFO [http-nio-8080-exec-318] org.apache.catalina.core.ApplicationContext.log Manager: list: Listing contexts for virtual host 'localhost'
06-May-2022 03:13:27.980 INFO [http-nio-8080-exec-317] org.apache.catalina.core.ApplicationContext.log Manager: list: Listing contexts for virtual host 'localhost'
06-May-2022 03:13:27.981 INFO [http-nio-8080-exec-314] org.apache.catalina.core.ApplicationContext.log Manager: list: Listing contexts for virtual host 'localhost'
06-May-2022 03:13:27.984 INFO [http-nio-8080-exec-306] org.apache.catalina.core.ApplicationContext.log Manager: undeploy: Undeploying web application at '/MyWebDemo'
06-May-2022 03:13:28.501 INFO [http-nio-8080-exec-310] org.apache.catalina.core.ApplicationContext.log Manager: install: Installing context configuration at 'file:/C:/Users/jesus/AppData/Local/Temp/context97595314251755641.xml'
06-May-2022 03:13:28.564 INFO [http-nio-8080-exec-315] org.apache.catalina.core.ApplicationContext.log Manager: start: Starting web application '/MyWebDemo'
06-May-2022 03:13:56.779 INFO [http-nio-8080-exec-322] org.apache.catalina.core.ApplicationContext.log Manager: list: Listing contexts for virtual host 'localhost'
06-May-2022 03:14:01.750 INFO [http-nio-8080-exec-320] org.apache.catalina.core.ApplicationContext.log Manager: list: Listing contexts for virtual host 'localhost'
06-May-2022 03:14:01.750 INFO [http-nio-8080-exec-321] org.apache.catalina.core.ApplicationContext.log Manager: list: Listing contexts for virtual host 'localhost'
06-May-2022 03:14:01.753 INFO [http-nio-8080-exec-324] org.apache.catalina.core.ApplicationContext.log Manager: undeploy: Undeploying web application at '/MyWebDemo'
06-May-2022 03:14:02.268 INFO [http-nio-8080-exec-325] org.apache.catalina.core.ApplicationContext.log Manager: install: Installing context configuration at 'file:/C:/Users/jesus/AppData/Local/Temp/context1611592018439227819.xml'
06-May-2022 03:14:02.329 INFO [http-nio-8080-exec-323] org.apache.catalina.core.ApplicationContext.log Manager: start: Starting web application '/MyWebDemo'
06-May-2022 03:14:17.675 INFO [http-nio-8080-exec-323] org.apache.catalina.core.ApplicationContext.log Manager: list: Listing contexts for virtual host 'localhost'
06-May-2022 03:14:45.653 INFO [http-nio-8080-exec-333] org.apache.catalina.core.ApplicationContext.log Manager: list: Listing contexts for virtual host 'localhost'
06-May-2022 03:15:06.155 INFO [http-nio-8080-exec-334] org.apache.catalina.core.ApplicationContext.log Manager: list: Listing contexts for virtual host 'localhost'
06-May-2022 03:15:06.155 INFO [http-nio-8080-exec-325] org.apache.catalina.core.ApplicationContext.log Manager: list: Listing contexts for virtual host 'localhost'
06-May-2022 03:15:06.158 INFO [http-nio-8080-exec-323] org.apache.catalina.core.ApplicationContext.log Manager: undeploy: Undeploying web application at '/MyWebDemo'
06-May-2022 03:15:06.678 INFO [http-nio-8080-exec-332] org.apache.catalina.core.ApplicationContext.log Manager: install: Installing context configuration at 'file:/C:/Users/jesus/AppData/Local/Temp/context14647907408471131003.xml'
06-May-2022 03:15:06.740 INFO [http-nio-8080-exec-322] org.apache.catalina.core.ApplicationContext.log Manager: start: Starting web application '/MyWebDemo'
06-May-2022 03:15:56.403 INFO [http-nio-8080-exec-337] org.apache.catalina.core.ApplicationContext.log Manager: list: Listing contexts for virtual host 'localhost'
06-May-2022 03:15:59.127 INFO [http-nio-8080-exec-331] org.apache.catalina.core.ApplicationContext.log Manager: list: Listing contexts for virtual host 'localhost'
06-May-2022 03:15:59.128 INFO [http-nio-8080-exec-325] org.apache.catalina.core.ApplicationContext.log Manager: list: Listing contexts for virtual host 'localhost'
06-May-2022 03:15:59.130 INFO [http-nio-8080-exec-340] org.apache.catalina.core.ApplicationContext.log Manager: undeploy: Undeploying web application at '/MyWebDemo'
06-May-2022 03:15:59.643 INFO [http-nio-8080-exec-344] org.apache.catalina.core.ApplicationContext.log Manager: install: Installing context configuration at 'file:/C:/Users/jesus/AppData/Local/Temp/context10739900894441466144.xml'
06-May-2022 03:15:59.704 INFO [http-nio-8080-exec-337] org.apache.catalina.core.ApplicationContext.log Manager: start: Starting web application '/MyWebDemo'
06-May-2022 03:16:19.205 INFO [http-nio-8080-exec-331] org.apache.catalina.core.ApplicationContext.log Manager: list: Listing contexts for virtual host 'localhost'
06-May-2022 03:16:44.519 INFO [http-nio-8080-exec-347] org.apache.catalina.core.ApplicationContext.log Manager: list: Listing contexts for virtual host 'localhost'
06-May-2022 03:16:47.113 INFO [http-nio-8080-exec-344] org.apache.catalina.core.ApplicationContext.log Manager: list: Listing contexts for virtual host 'localhost'
06-May-2022 03:16:47.113 INFO [http-nio-8080-exec-351] org.apache.catalina.core.ApplicationContext.log Manager: list: Listing contexts for virtual host 'localhost'
06-May-2022 03:16:47.115 INFO [http-nio-8080-exec-345] org.apache.catalina.core.ApplicationContext.log Manager: undeploy: Undeploying web application at '/MyWebDemo'
06-May-2022 03:16:48.153 INFO [http-nio-8080-exec-352] org.apache.catalina.core.ApplicationContext.log Manager: install: Installing context configuration at 'file:/C:/Users/jesus/AppData/Local/Temp/context9387273469894300648.xml'
06-May-2022 03:16:48.215 INFO [http-nio-8080-exec-346] org.apache.catalina.core.ApplicationContext.log Manager: start: Starting web application '/MyWebDemo'
06-May-2022 03:17:24.244 INFO [http-nio-8080-exec-347] org.apache.catalina.core.ApplicationContext.log Manager: list: Listing contexts for virtual host 'localhost'
06-May-2022 03:17:24.261 INFO [http-nio-8080-exec-344] org.apache.catalina.core.ApplicationContext.log Manager: list: Listing contexts for virtual host 'localhost'
06-May-2022 03:17:24.262 INFO [http-nio-8080-exec-340] org.apache.catalina.core.ApplicationContext.log Manager: list: Listing contexts for virtual host 'localhost'
06-May-2022 03:17:24.264 INFO [http-nio-8080-exec-349] org.apache.catalina.core.ApplicationContext.log Manager: undeploy: Undeploying web application at '/MyWebDemo'
06-May-2022 03:17:24.793 INFO [http-nio-8080-exec-355] org.apache.catalina.core.ApplicationContext.log Manager: install: Installing context configuration at 'file:/C:/Users/jesus/AppData/Local/Temp/context4078068450423743366.xml'
06-May-2022 03:17:24.855 INFO [http-nio-8080-exec-354] org.apache.catalina.core.ApplicationContext.log Manager: start: Starting web application '/MyWebDemo'
06-May-2022 03:18:16.915 INFO [http-nio-8080-exec-357] org.apache.catalina.core.ApplicationContext.log Manager: list: Listing contexts for virtual host 'localhost'
06-May-2022 03:18:19.699 INFO [http-nio-8080-exec-340] org.apache.catalina.core.ApplicationContext.log Manager: list: Listing contexts for virtual host 'localhost'
06-May-2022 03:18:19.700 INFO [http-nio-8080-exec-344] org.apache.catalina.core.ApplicationContext.log Manager: list: Listing contexts for virtual host 'localhost'
06-May-2022 03:18:19.704 INFO [http-nio-8080-exec-358] org.apache.catalina.core.ApplicationContext.log Manager: undeploy: Undeploying web application at '/MyWebDemo'
06-May-2022 03:18:20.229 INFO [http-nio-8080-exec-344] org.apache.catalina.core.ApplicationContext.log Manager: install: Installing context configuration at 'file:/C:/Users/jesus/AppData/Local/Temp/context7344988418336007117.xml'
06-May-2022 03:18:20.304 INFO [http-nio-8080-exec-359] org.apache.catalina.core.ApplicationContext.log Manager: start: Starting web application '/MyWebDemo'
06-May-2022 03:19:03.361 INFO [http-nio-8080-exec-365] org.apache.catalina.core.ApplicationContext.log Manager: list: Listing contexts for virtual host 'localhost'
06-May-2022 03:19:12.264 INFO [http-nio-8080-exec-369] org.apache.catalina.core.ApplicationContext.log Manager: list: Listing contexts for virtual host 'localhost'
06-May-2022 03:19:12.281 INFO [http-nio-8080-exec-370] org.apache.catalina.core.ApplicationContext.log Manager: restart: Reloading web application '/MyWebDemo'
06-May-2022 03:19:26.168 INFO [http-nio-8080-exec-359] org.apache.catalina.core.ApplicationContext.log Manager: list: Listing contexts for virtual host 'localhost'
06-May-2022 03:19:26.168 INFO [http-nio-8080-exec-367] org.apache.catalina.core.ApplicationContext.log Manager: list: Listing contexts for virtual host 'localhost'
06-May-2022 03:19:26.170 INFO [http-nio-8080-exec-371] org.apache.catalina.core.ApplicationContext.log Manager: undeploy: Undeploying web application at '/MyWebDemo'
06-May-2022 03:19:26.685 INFO [http-nio-8080-exec-365] org.apache.catalina.core.ApplicationContext.log Manager: install: Installing context configuration at 'file:/C:/Users/jesus/AppData/Local/Temp/context16951324778589061958.xml'
06-May-2022 03:19:26.747 INFO [http-nio-8080-exec-367] org.apache.catalina.core.ApplicationContext.log Manager: start: Starting web application '/MyWebDemo'
06-May-2022 03:19:55.913 INFO [http-nio-8080-exec-373] org.apache.catalina.core.ApplicationContext.log Manager: list: Listing contexts for virtual host 'localhost'
06-May-2022 03:19:58.663 INFO [http-nio-8080-exec-359] org.apache.catalina.core.ApplicationContext.log Manager: list: Listing contexts for virtual host 'localhost'
06-May-2022 03:19:58.664 INFO [http-nio-8080-exec-369] org.apache.catalina.core.ApplicationContext.log Manager: list: Listing contexts for virtual host 'localhost'
06-May-2022 03:19:58.666 INFO [http-nio-8080-exec-368] org.apache.catalina.core.ApplicationContext.log Manager: undeploy: Undeploying web application at '/MyWebDemo'
06-May-2022 03:19:59.181 INFO [http-nio-8080-exec-379] org.apache.catalina.core.ApplicationContext.log Manager: install: Installing context configuration at 'file:/C:/Users/jesus/AppData/Local/Temp/context5432607251971030583.xml'
06-May-2022 03:19:59.241 INFO [http-nio-8080-exec-373] org.apache.catalina.core.ApplicationContext.log Manager: start: Starting web application '/MyWebDemo'
06-May-2022 03:20:38.687 INFO [http-nio-8080-exec-380] org.apache.catalina.core.ApplicationContext.log Manager: list: Listing contexts for virtual host 'localhost'
06-May-2022 03:20:38.698 INFO [http-nio-8080-exec-374] org.apache.catalina.core.ApplicationContext.log Manager: restart: Reloading web application '/MyWebDemo'
06-May-2022 03:20:43.290 INFO [http-nio-8080-exec-383] org.apache.catalina.core.ApplicationContext.log Manager: list: Listing contexts for virtual host 'localhost'
06-May-2022 03:20:45.729 INFO [http-nio-8080-exec-375] org.apache.catalina.core.ApplicationContext.log Manager: list: Listing contexts for virtual host 'localhost'
06-May-2022 03:20:45.729 INFO [http-nio-8080-exec-382] org.apache.catalina.core.ApplicationContext.log Manager: list: Listing contexts for virtual host 'localhost'
06-May-2022 03:20:45.731 INFO [http-nio-8080-exec-374] org.apache.catalina.core.ApplicationContext.log Manager: undeploy: Undeploying web application at '/MyWebDemo'
06-May-2022 03:20:46.256 INFO [http-nio-8080-exec-384] org.apache.catalina.core.ApplicationContext.log Manager: install: Installing context configuration at 'file:/C:/Users/jesus/AppData/Local/Temp/context18202573720340936834.xml'
06-May-2022 03:20:46.315 INFO [http-nio-8080-exec-386] org.apache.catalina.core.ApplicationContext.log Manager: start: Starting web application '/MyWebDemo'
06-May-2022 03:32:52.855 INFO [http-nio-8080-exec-389] org.apache.catalina.core.ApplicationContext.log Manager: list: Listing contexts for virtual host 'localhost'
06-May-2022 03:33:19.528 INFO [http-nio-8080-exec-387] org.apache.catalina.core.ApplicationContext.log Manager: list: Listing contexts for virtual host 'localhost'
06-May-2022 03:33:21.952 INFO [http-nio-8080-exec-396] org.apache.catalina.core.ApplicationContext.log Manager: list: Listing contexts for virtual host 'localhost'
06-May-2022 03:33:21.952 INFO [http-nio-8080-exec-388] org.apache.catalina.core.ApplicationContext.log Manager: list: Listing contexts for virtual host 'localhost'
06-May-2022 03:33:21.954 INFO [http-nio-8080-exec-390] org.apache.catalina.core.ApplicationContext.log Manager: undeploy: Undeploying web application at '/MyWebDemo'
06-May-2022 03:33:22.473 INFO [http-nio-8080-exec-388] org.apache.catalina.core.ApplicationContext.log Manager: install: Installing context configuration at 'file:/C:/Users/jesus/AppData/Local/Temp/context12260431745658003771.xml'
06-May-2022 03:33:22.535 INFO [http-nio-8080-exec-394] org.apache.catalina.core.ApplicationContext.log Manager: start: Starting web application '/MyWebDemo'
06-May-2022 03:33:33.890 INFO [http-nio-8080-exec-388] org.apache.catalina.core.ApplicationContext.log Manager: list: Listing contexts for virtual host 'localhost'
06-May-2022 03:33:36.428 INFO [http-nio-8080-exec-397] org.apache.catalina.core.ApplicationContext.log Manager: list: Listing contexts for virtual host 'localhost'
06-May-2022 03:33:36.429 INFO [http-nio-8080-exec-394] org.apache.catalina.core.ApplicationContext.log Manager: list: Listing contexts for virtual host 'localhost'
06-May-2022 03:33:36.431 INFO [http-nio-8080-exec-396] org.apache.catalina.core.ApplicationContext.log Manager: undeploy: Undeploying web application at '/MyWebDemo'
06-May-2022 03:33:36.956 INFO [http-nio-8080-exec-395] org.apache.catalina.core.ApplicationContext.log Manager: install: Installing context configuration at 'file:/C:/Users/jesus/AppData/Local/Temp/context12962749060229120558.xml'
06-May-2022 03:33:37.017 INFO [http-nio-8080-exec-394] org.apache.catalina.core.ApplicationContext.log Manager: start: Starting web application '/MyWebDemo'
06-May-2022 03:33:56.896 INFO [http-nio-8080-exec-395] org.apache.catalina.core.ApplicationContext.log Manager: list: Listing contexts for virtual host 'localhost'
06-May-2022 03:33:56.906 INFO [http-nio-8080-exec-394] org.apache.catalina.core.ApplicationContext.log Manager: restart: Reloading web application '/MyWebDemo'
06-May-2022 03:33:59.830 INFO [http-nio-8080-exec-396] org.apache.catalina.core.ApplicationContext.log Manager: list: Listing contexts for virtual host 'localhost'
06-May-2022 03:33:59.830 INFO [http-nio-8080-exec-401] org.apache.catalina.core.ApplicationContext.log Manager: list: Listing contexts for virtual host 'localhost'
06-May-2022 03:33:59.832 INFO [http-nio-8080-exec-400] org.apache.catalina.core.ApplicationContext.log Manager: undeploy: Undeploying web application at '/MyWebDemo'
06-May-2022 03:34:00.361 INFO [http-nio-8080-exec-394] org.apache.catalina.core.ApplicationContext.log Manager: install: Installing context configuration at 'file:/C:/Users/jesus/AppData/Local/Temp/context1203200926301592831.xml'
06-May-2022 03:34:00.419 INFO [http-nio-8080-exec-396] org.apache.catalina.core.ApplicationContext.log Manager: start: Starting web application '/MyWebDemo'
06-May-2022 03:34:15.240 INFO [http-nio-8080-exec-394] org.apache.catalina.core.ApplicationContext.log Manager: list: Listing contexts for virtual host 'localhost'
06-May-2022 03:34:15.251 INFO [http-nio-8080-exec-400] org.apache.catalina.core.ApplicationContext.log Manager: restart: Reloading web application '/MyWebDemo'
06-May-2022 15:18:48.285 INFO [http-nio-8080-exec-415] org.apache.catalina.core.ApplicationContext.log Manager: list: Listing contexts for virtual host 'localhost'
06-May-2022 15:18:48.286 INFO [http-nio-8080-exec-416] org.apache.catalina.core.ApplicationContext.log Manager: list: Listing contexts for virtual host 'localhost'
06-May-2022 15:18:48.293 INFO [http-nio-8080-exec-417] org.apache.catalina.core.ApplicationContext.log Manager: undeploy: Undeploying web application at '/MyWebDemo'
06-May-2022 15:18:48.838 INFO [http-nio-8080-exec-412] org.apache.catalina.core.ApplicationContext.log Manager: install: Installing context configuration at 'file:/C:/Users/jesus/AppData/Local/Temp/context12862384055283820707.xml'
06-May-2022 15:18:48.920 INFO [http-nio-8080-exec-415] org.apache.catalina.core.ApplicationContext.log Manager: start: Starting web application '/MyWebDemo'
06-May-2022 15:18:56.009 INFO [http-nio-8080-exec-410] org.apache.catalina.core.ApplicationContext.log Manager: list: Listing contexts for virtual host 'localhost'
06-May-2022 15:18:56.010 INFO [http-nio-8080-exec-416] org.apache.catalina.core.ApplicationContext.log Manager: list: Listing contexts for virtual host 'localhost'
06-May-2022 15:18:56.012 INFO [http-nio-8080-exec-409] org.apache.catalina.core.ApplicationContext.log Manager: undeploy: Undeploying web application at '/MyWebDemo'
06-May-2022 15:18:56.524 INFO [http-nio-8080-exec-412] org.apache.catalina.core.ApplicationContext.log Manager: install: Installing context configuration at 'file:/C:/Users/jesus/AppData/Local/Temp/context2839607753334243322.xml'
06-May-2022 15:18:56.585 INFO [http-nio-8080-exec-415] org.apache.catalina.core.ApplicationContext.log Manager: start: Starting web application '/MyWebDemo'
