10-May-2022 10:53:05.786 INFO [main] org.apache.catalina.startup.VersionLoggerListener.log Server version name:   Apache Tomcat/9.0.62
10-May-2022 10:53:05.788 INFO [main] org.apache.catalina.startup.VersionLoggerListener.log Server built:          Mar 31 2022 14:34:15 UTC
10-May-2022 10:53:05.788 INFO [main] org.apache.catalina.startup.VersionLoggerListener.log Server version number: 9.0.62.0
10-May-2022 10:53:05.788 INFO [main] org.apache.catalina.startup.VersionLoggerListener.log OS Name:               Windows 10
10-May-2022 10:53:05.788 INFO [main] org.apache.catalina.startup.VersionLoggerListener.log OS Version:            10.0
10-May-2022 10:53:05.788 INFO [main] org.apache.catalina.startup.VersionLoggerListener.log Architecture:          amd64
10-May-2022 10:53:05.788 INFO [main] org.apache.catalina.startup.VersionLoggerListener.log Java Home:             C:\Program Files\Java\jdk-16.0.2
10-May-2022 10:53:05.788 INFO [main] org.apache.catalina.startup.VersionLoggerListener.log JVM Version:           16.0.2+7-67
10-May-2022 10:53:05.788 INFO [main] org.apache.catalina.startup.VersionLoggerListener.log JVM Vendor:            Oracle Corporation
10-May-2022 10:53:05.789 INFO [main] org.apache.catalina.startup.VersionLoggerListener.log CATALINA_BASE:         C:\Apche-Tom\apache-tomcat-9.0.62
10-May-2022 10:53:05.789 INFO [main] org.apache.catalina.startup.VersionLoggerListener.log CATALINA_HOME:         C:\Apche-Tom\apache-tomcat-9.0.62
10-May-2022 10:53:05.795 INFO [main] org.apache.catalina.startup.VersionLoggerListener.log Command line argument: --add-opens=java.base/java.lang=ALL-UNNAMED
10-May-2022 10:53:05.795 INFO [main] org.apache.catalina.startup.VersionLoggerListener.log Command line argument: --add-opens=java.base/java.io=ALL-UNNAMED
10-May-2022 10:53:05.796 INFO [main] org.apache.catalina.startup.VersionLoggerListener.log Command line argument: --add-opens=java.base/java.util=ALL-UNNAMED
10-May-2022 10:53:05.796 INFO [main] org.apache.catalina.startup.VersionLoggerListener.log Command line argument: --add-opens=java.base/java.util.concurrent=ALL-UNNAMED
10-May-2022 10:53:05.796 INFO [main] org.apache.catalina.startup.VersionLoggerListener.log Command line argument: --add-opens=java.rmi/sun.rmi.transport=ALL-UNNAMED
10-May-2022 10:53:05.796 INFO [main] org.apache.catalina.startup.VersionLoggerListener.log Command line argument: -Djava.util.logging.config.file=C:\Apche-Tom\apache-tomcat-9.0.62\conf\logging.properties
10-May-2022 10:53:05.796 INFO [main] org.apache.catalina.startup.VersionLoggerListener.log Command line argument: -Djava.util.logging.manager=org.apache.juli.ClassLoaderLogManager
10-May-2022 10:53:05.796 INFO [main] org.apache.catalina.startup.VersionLoggerListener.log Command line argument: -Dhttp.nonProxyHosts=localhost|127.0.0.1|Zeus-PC
10-May-2022 10:53:05.796 INFO [main] org.apache.catalina.startup.VersionLoggerListener.log Command line argument: -Djdk.tls.ephemeralDHKeySize=2048
10-May-2022 10:53:05.796 INFO [main] org.apache.catalina.startup.VersionLoggerListener.log Command line argument: -Djava.protocol.handler.pkgs=org.apache.catalina.webresources
10-May-2022 10:53:05.796 INFO [main] org.apache.catalina.startup.VersionLoggerListener.log Command line argument: -Dignore.endorsed.dirs=
10-May-2022 10:53:05.796 INFO [main] org.apache.catalina.startup.VersionLoggerListener.log Command line argument: -Dcatalina.base=C:\Apche-Tom\apache-tomcat-9.0.62
10-May-2022 10:53:05.796 INFO [main] org.apache.catalina.startup.VersionLoggerListener.log Command line argument: -Dcatalina.home=C:\Apche-Tom\apache-tomcat-9.0.62
10-May-2022 10:53:05.796 INFO [main] org.apache.catalina.startup.VersionLoggerListener.log Command line argument: -Djava.io.tmpdir=C:\Apche-Tom\apache-tomcat-9.0.62\temp
10-May-2022 10:53:05.799 INFO [main] org.apache.catalina.core.AprLifecycleListener.lifecycleEvent The Apache Tomcat Native library which allows using OpenSSL was not found on the java.library.path: [C:\Program Files\Java\jdk-16.0.2\bin;C:\Windows\Sun\Java\bin;C:\Windows\system32;C:\Windows;C:\Program Files\Java\jdk-15\bin;C:\Program Files\apache-maven-3.8.5\bin;C:\Program Files (x86)\Razer Chroma SDK\bin;C:\Program Files\Razer Chroma SDK\bin;C:\Program Files (x86)\Razer\ChromaBroadcast\bin;C:\Program Files\Razer\ChromaBroadcast\bin;C:\Windows\system32;C:\Windows;C:\Windows\System32\Wbem;C:\Windows\System32\WindowsPowerShell\v1.0\;C:\Windows\System32\OpenSSH\;C:\Windows\system32\config\systemprofile\AppData\Local\Microsoft\WindowsApps;C:\Program Files (x86)\NVIDIA Corporation\PhysX\Common;C:\Program Files\NVIDIA Corporation\NVIDIA NvDLISR;C:\Users\jesus\Desktop\mongosh-1.1.4-win32-x64\mongosh-1.1.4-win32-x64\bin;C:\Program Files\Microsoft SQL Server\130\Tools\Binn\;C:\Program Files\Microsoft SQL Server\Client SDK\ODBC\170\Tools\Binn\;C:\Program Files\dotnet\;C:\Program Files\Git\cmd;C:\Users\jesus\AppData\Roaming\local\bin;C:\Users\jesus\AppData\Local\Microsoft\WindowsApps;C:\Users\jesus\.dotnet\tools;C:\Users\jesus\AppData\Local\GitHubDesktop\bin;C:\Users\jesus\AppData\Local\Programs\Microsoft VS Code\bin;.]
10-May-2022 10:53:05.982 INFO [main] org.apache.coyote.AbstractProtocol.init Initializing ProtocolHandler ["http-nio-8080"]
10-May-2022 10:53:05.999 INFO [main] org.apache.catalina.startup.Catalina.load Server initialization in [331] milliseconds
10-May-2022 10:53:06.039 INFO [main] org.apache.catalina.core.StandardService.startInternal Starting service [Catalina]
10-May-2022 10:53:06.039 INFO [main] org.apache.catalina.core.StandardEngine.startInternal Starting Servlet engine: [Apache Tomcat/9.0.62]
10-May-2022 10:53:06.045 INFO [main] org.apache.catalina.startup.HostConfig.deployDirectory Deploying web application directory [C:\Apche-Tom\apache-tomcat-9.0.62\webapps\docs]
10-May-2022 10:53:06.251 INFO [main] org.apache.catalina.startup.HostConfig.deployDirectory Deployment of web application directory [C:\Apche-Tom\apache-tomcat-9.0.62\webapps\docs] has finished in [205] ms
10-May-2022 10:53:06.251 INFO [main] org.apache.catalina.startup.HostConfig.deployDirectory Deploying web application directory [C:\Apche-Tom\apache-tomcat-9.0.62\webapps\examples]
10-May-2022 10:53:06.615 INFO [main] org.apache.catalina.startup.HostConfig.deployDirectory Deployment of web application directory [C:\Apche-Tom\apache-tomcat-9.0.62\webapps\examples] has finished in [364] ms
10-May-2022 10:53:06.615 INFO [main] org.apache.catalina.startup.HostConfig.deployDirectory Deploying web application directory [C:\Apche-Tom\apache-tomcat-9.0.62\webapps\host-manager]
10-May-2022 10:53:06.639 INFO [main] org.apache.catalina.startup.HostConfig.deployDirectory Deployment of web application directory [C:\Apche-Tom\apache-tomcat-9.0.62\webapps\host-manager] has finished in [24] ms
10-May-2022 10:53:06.639 INFO [main] org.apache.catalina.startup.HostConfig.deployDirectory Deploying web application directory [C:\Apche-Tom\apache-tomcat-9.0.62\webapps\manager]
10-May-2022 10:53:06.663 INFO [main] org.apache.catalina.startup.HostConfig.deployDirectory Deployment of web application directory [C:\Apche-Tom\apache-tomcat-9.0.62\webapps\manager] has finished in [24] ms
10-May-2022 10:53:06.663 INFO [main] org.apache.catalina.startup.HostConfig.deployDirectory Deploying web application directory [C:\Apche-Tom\apache-tomcat-9.0.62\webapps\ROOT]
10-May-2022 10:53:06.679 INFO [main] org.apache.catalina.startup.HostConfig.deployDirectory Deployment of web application directory [C:\Apche-Tom\apache-tomcat-9.0.62\webapps\ROOT] has finished in [15] ms
10-May-2022 10:53:06.681 INFO [main] org.apache.coyote.AbstractProtocol.start Starting ProtocolHandler ["http-nio-8080"]
10-May-2022 10:53:06.706 INFO [main] org.apache.catalina.startup.Catalina.start Server startup in [706] milliseconds
10-May-2022 10:53:21.214 INFO [http-nio-8080-exec-9] org.apache.catalina.startup.HostConfig.deployDescriptor Deploying deployment descriptor [C:\Apche-Tom\apache-tomcat-9.0.62\conf\Catalina\localhost\MyWebDemo.xml]
10-May-2022 10:53:21.215 WARNING [http-nio-8080-exec-9] org.apache.catalina.startup.HostConfig.deployDescriptor The path attribute with value [/MyWebDemo] in deployment descriptor [C:\Apche-Tom\apache-tomcat-9.0.62\conf\Catalina\localhost\MyWebDemo.xml] has been ignored
10-May-2022 10:53:21.298 INFO [http-nio-8080-exec-9] org.apache.jasper.servlet.TldScanner.scanJars At least one JAR was scanned for TLDs yet contained no TLDs. Enable debug logging for this logger for a complete list of JARs that were scanned but no TLDs were found in them. Skipping unneeded JARs during scanning can improve startup time and JSP compilation time.
10-May-2022 10:53:21.302 INFO [http-nio-8080-exec-9] org.apache.catalina.startup.HostConfig.deployDescriptor Deployment of deployment descriptor [C:\Apche-Tom\apache-tomcat-9.0.62\conf\Catalina\localhost\MyWebDemo.xml] has finished in [88] ms
10-May-2022 10:53:21.304 INFO [http-nio-8080-exec-10] org.apache.catalina.util.LifecycleBase.start The start() method was called on component [StandardEngine[Catalina].StandardHost[localhost].StandardContext[/MyWebDemo]] after start() had already been called. The second call will be ignored.
